[    0.000000] Initializing cgroup subsys cpuset
[    0.000000] Initializing cgroup subsys cpu
[    0.000000] Initializing cgroup subsys cpuacct
[    0.000000] Linux version 4.4.0-59-generic (buildd@lgw01-11) (gcc version 5.4.0 20160609 (Ubuntu 5.4.0-6ubuntu1~16.04.4) ) #80-Ubuntu SMP Fri Jan 6 17:47:47 UTC 2017 (Ubuntu 4.4.0-59.80-generic 4.4.35)
[    0.000000] Command line: BOOT_IMAGE=/boot/vmlinuz-4.4.0-59-generic root=LABEL=cloudimg-rootfs ro console=tty1 console=ttyS0
[    0.000000] KERNEL supported cpus:
[    0.000000]   Intel GenuineIntel
[    0.000000]   AMD AuthenticAMD
[    0.000000]   Centaur CentaurHauls
[    0.000000] x86/fpu: xstate_offset[2]:  576, xstate_sizes[2]:  256
[    0.000000] x86/fpu: Supporting XSAVE feature 0x01: 'x87 floating point registers'
[    0.000000] x86/fpu: Supporting XSAVE feature 0x02: 'SSE registers'
[    0.000000] x86/fpu: Supporting XSAVE feature 0x04: 'AVX registers'
[    0.000000] x86/fpu: Enabled xstate features 0x7, context size is 832 bytes, using 'standard' format.
[    0.000000] x86/fpu: Using 'lazy' FPU context switches.
[    0.000000] e820: BIOS-provided physical RAM map:
[    0.000000] BIOS-e820: [mem 0x0000000000000000-0x000000000009fbff] usable
[    0.000000] BIOS-e820: [mem 0x000000000009fc00-0x000000000009ffff] reserved
[    0.000000] BIOS-e820: [mem 0x00000000000f0000-0x00000000000fffff] reserved
[    0.000000] BIOS-e820: [mem 0x0000000000100000-0x000000003ffeffff] usable
[    0.000000] BIOS-e820: [mem 0x000000003fff0000-0x000000003fffffff] ACPI data
[    0.000000] BIOS-e820: [mem 0x00000000fec00000-0x00000000fec00fff] reserved
[    0.000000] BIOS-e820: [mem 0x00000000fee00000-0x00000000fee00fff] reserved
[    0.000000] BIOS-e820: [mem 0x00000000fffc0000-0x00000000ffffffff] reserved
[    0.000000] NX (Execute Disable) protection: active
[    0.000000] SMBIOS 2.5 present.
[    0.000000] Hypervisor detected: KVM
[    0.000000] e820: last_pfn = 0x3fff0 max_arch_pfn = 0x400000000
[    0.000000] MTRR: Disabled
[    0.000000] x86/PAT: MTRRs disabled, skipping PAT initialization too.
[    0.000000] x86/PAT: Configuration [0-7]: WB  WT  UC- UC  WB  WT  UC- UC  
[    0.000000] CPU MTRRs all blank - virtualized system.
[    0.000000] found SMP MP-table at [mem 0x0009fff0-0x0009ffff] mapped at [ffff88000009fff0]
[    0.000000] Scanning 1 areas for low memory corruption
[    0.000000] RAMDISK: [mem 0x36b76000-0x375b2fff]
[    0.000000] ACPI: Early table checksum verification disabled
[    0.000000] ACPI: RSDP 0x00000000000E0000 000024 (v02 VBOX  )
[    0.000000] ACPI: XSDT 0x000000003FFF0030 00003C (v01 VBOX   VBOXXSDT 00000001 ASL  00000061)
[    0.000000] ACPI: FACP 0x000000003FFF00F0 0000F4 (v04 VBOX   VBOXFACP 00000001 ASL  00000061)
[    0.000000] ACPI: DSDT 0x000000003FFF0470 00210F (v01 VBOX   VBOXBIOS 00000002 INTL 20100528)
[    0.000000] ACPI: FACS 0x000000003FFF0200 000040
[    0.000000] ACPI: FACS 0x000000003FFF0200 000040
[    0.000000] ACPI: APIC 0x000000003FFF0240 00005C (v02 VBOX   VBOXAPIC 00000001 ASL  00000061)
[    0.000000] ACPI: SSDT 0x000000003FFF02A0 0001CC (v01 VBOX   VBOXCPUT 00000002 INTL 20100528)
[    0.000000] No NUMA configuration found
[    0.000000] Faking a node at [mem 0x0000000000000000-0x000000003ffeffff]
[    0.000000] NODE_DATA(0) allocated [mem 0x3ffeb000-0x3ffeffff]
[    0.000000] kvm-clock: Using msrs 4b564d01 and 4b564d00
[    0.000000] kvm-clock: cpu 0, msr 0:3ffe3001, primary cpu clock
[    0.000000] kvm-clock: using sched offset of 3181493720 cycles
[    0.000000] clocksource: kvm-clock: mask: 0xffffffffffffffff max_cycles: 0x1cd42e4dffb, max_idle_ns: 881590591483 ns
[    0.000000] Zone ranges:
[    0.000000]   DMA      [mem 0x0000000000001000-0x0000000000ffffff]
[    0.000000]   DMA32    [mem 0x0000000001000000-0x000000003ffeffff]
[    0.000000]   Normal   empty
[    0.000000]   Device   empty
[    0.000000] Movable zone start for each node
[    0.000000] Early memory node ranges
[    0.000000]   node   0: [mem 0x0000000000001000-0x000000000009efff]
[    0.000000]   node   0: [mem 0x0000000000100000-0x000000003ffeffff]
[    0.000000] Initmem setup node 0 [mem 0x0000000000001000-0x000000003ffeffff]
[    0.000000] ACPI: PM-Timer IO Port: 0x4008
[    0.000000] IOAPIC[0]: apic_id 2, version 32, address 0xfec00000, GSI 0-23
[    0.000000] ACPI: INT_SRC_OVR (bus 0 bus_irq 0 global_irq 2 dfl dfl)
[    0.000000] ACPI: INT_SRC_OVR (bus 0 bus_irq 9 global_irq 9 high level)
[    0.000000] Using ACPI (MADT) for SMP configuration information
[    0.000000] smpboot: Allowing 2 CPUs, 0 hotplug CPUs
[    0.000000] PM: Registered nosave memory: [mem 0x00000000-0x00000fff]
[    0.000000] PM: Registered nosave memory: [mem 0x0009f000-0x0009ffff]
[    0.000000] PM: Registered nosave memory: [mem 0x000a0000-0x000effff]
[    0.000000] PM: Registered nosave memory: [mem 0x000f0000-0x000fffff]
[    0.000000] e820: [mem 0x40000000-0xfebfffff] available for PCI devices
[    0.000000] Booting paravirtualized kernel on KVM
[    0.000000] clocksource: refined-jiffies: mask: 0xffffffff max_cycles: 0xffffffff, max_idle_ns: 7645519600211568 ns
[    0.000000] setup_percpu: NR_CPUS:512 nr_cpumask_bits:512 nr_cpu_ids:2 nr_node_ids:1
[    0.000000] PERCPU: Embedded 33 pages/cpu @ffff88003fc00000 s98264 r8192 d28712 u1048576
[    0.000000] PV qspinlock hash table entries: 256 (order: 0, 4096 bytes)
[    0.000000] Built 1 zonelists in Node order, mobility grouping on.  Total pages: 257913
[    0.000000] Policy zone: DMA32
[    0.000000] Kernel command line: BOOT_IMAGE=/boot/vmlinuz-4.4.0-59-generic root=LABEL=cloudimg-rootfs ro console=tty1 console=ttyS0
[    0.000000] PID hash table entries: 4096 (order: 3, 32768 bytes)
[    0.000000] Memory: 1002096K/1048120K available (8436K kernel code, 1291K rwdata, 3960K rodata, 1488K init, 1316K bss, 46024K reserved, 0K cma-reserved)
[    0.000000] SLUB: HWalign=64, Order=0-3, MinObjects=0, CPUs=2, Nodes=1
[    0.000000] Hierarchical RCU implementation.
[    0.000000] 	Build-time adjustment of leaf fanout to 64.
[    0.000000] 	RCU restricting CPUs from NR_CPUS=512 to nr_cpu_ids=2.
[    0.000000] RCU: Adjusting geometry for rcu_fanout_leaf=64, nr_cpu_ids=2
[    0.000000] NR_IRQS:33024 nr_irqs:440 16
[    0.000000] Console: colour VGA+ 80x25
[    0.000000] console [tty1] enabled
[    0.000000] console [ttyS0] enabled
[    0.000000] tsc: Detected 2699.998 MHz processor
[    2.359036] Calibrating delay loop (skipped) preset value.. 5399.99 BogoMIPS (lpj=10799992)
[    2.377597] pid_max: default: 32768 minimum: 301
[    2.420170] ACPI: Core revision 20150930
[    2.433148] ACPI: 2 ACPI AML tables successfully acquired and loaded
[    2.451755] Security Framework initialized
[    2.452729] Yama: becoming mindful.
[    2.453600] AppArmor: AppArmor initialized
[    2.454707] Dentry cache hash table entries: 131072 (order: 8, 1048576 bytes)
[    2.456360] Inode-cache hash table entries: 65536 (order: 7, 524288 bytes)
[    2.459858] Mount-cache hash table entries: 2048 (order: 2, 16384 bytes)
[    2.471422] Mountpoint-cache hash table entries: 2048 (order: 2, 16384 bytes)
[    2.487311] Initializing cgroup subsys io
[    2.491377] Initializing cgroup subsys memory
[    2.498500] Initializing cgroup subsys devices
[    2.502536] Initializing cgroup subsys freezer
[    2.512544] Initializing cgroup subsys net_cls
[    2.517086] Initializing cgroup subsys perf_event
[    2.522422] Initializing cgroup subsys net_prio
[    2.530797] Initializing cgroup subsys hugetlb
[    2.531839] Initializing cgroup subsys pids
[    2.532897] CPU: Physical Processor ID: 0
[    2.533884] CPU: Processor Core ID: 0
[    2.544603] mce: CPU supports 0 MCE banks
[    2.569375] Last level iTLB entries: 4KB 64, 2MB 8, 4MB 8
[    2.580627] Last level dTLB entries: 4KB 64, 2MB 0, 4MB 0, 1GB 4
[    2.583746] Freeing SMP alternatives memory: 32K (ffffffff820b8000 - ffffffff820c0000)
[    2.611489] ftrace: allocating 32064 entries in 126 pages
[    2.680622] smpboot: APIC(0) Converting physical 0 to logical package 0
[    2.758680] smpboot: Max logical packages: 1
[    2.817479] x2apic enabled
[    2.851540] Switched APIC routing to physical x2apic.
[    2.910485] ..TIMER: vector=0x30 apic1=0 pin1=2 apic2=-1 pin2=-1
[    3.061786] smpboot: CPU0: Intel(R) Core(TM) i5-5257U CPU @ 2.70GHz (family: 0x6, model: 0x3d, stepping: 0x4)
[    3.134737] Performance Events: unsupported p6 CPU model 61 no PMU driver, software events only.
[    3.144361] KVM setup paravirtual spinlock
[    3.157577] x86: Booting SMP configuration:
[    3.188353] .... node  #0, CPUs:      #1
[    3.201430] kvm-clock: cpu 1, msr 0:3ffe3041, secondary cpu clock
[    3.214659] mce: CPU supports 0 MCE banks
[    3.248729] x86: Booted up 1 node, 2 CPUs
[    3.268493] smpboot: Total of 2 processors activated (10799.99 BogoMIPS)
[    3.277959] devtmpfs: initialized
[    3.282795] evm: security.selinux
[    3.286177] evm: security.SMACK64
[    3.289254] evm: security.SMACK64EXEC
[    3.297758] evm: security.SMACK64TRANSMUTE
[    3.302858] evm: security.SMACK64MMAP
[    3.305830] evm: security.ima
[    3.310157] evm: security.capability
[    3.313248] clocksource: jiffies: mask: 0xffffffff max_cycles: 0xffffffff, max_idle_ns: 7645041785100000 ns
[    3.331696] pinctrl core: initialized pinctrl subsystem
[    3.353061] RTC time: 20:32:34, date: 01/23/17
[    3.356567] NET: Registered protocol family 16
[    3.410253] cpuidle: using governor ladder
[    3.451021] cpuidle: using governor menu
[    3.498861] PCCT header not found.
[    3.524965] ACPI: bus type PCI registered
[    3.558375] acpiphp: ACPI Hot Plug PCI Controller Driver version: 0.5
[    3.644336] PCI: Using configuration type 1 for base access
[    3.714587] ACPI: Added _OSI(Module Device)
[    3.732196] ACPI: Added _OSI(Processor Device)
[    3.733235] ACPI: Added _OSI(3.0 _SCP Extensions)
[    3.741700] ACPI: Added _OSI(Processor Aggregator Device)
[    3.745959] ACPI: Executed 1 blocks of module-level executable AML code
[    3.793815] ACPI: Interpreter enabled
[    3.830976] ACPI: (supports S0 S5)
[    3.864967] ACPI: Using IOAPIC for interrupt routing
[    3.897621] PCI: Using host bridge windows from ACPI; if necessary, use "pci=nocrs" and report a bug
[    3.911171] ACPI: PCI Root Bridge [PCI0] (domain 0000 [bus 00-ff])
[    3.917726] acpi PNP0A03:00: _OSC: OS supports [ASPM ClockPM Segments MSI]
[    3.995702] acpi PNP0A03:00: _OSC failed (AE_NOT_FOUND); disabling ASPM
[    4.013093] acpi PNP0A03:00: fail to add MMCONFIG information, can't access extended PCI configuration space under this bridge.
[    4.018351] PCI host bridge to bus 0000:00
[    4.025723] pci_bus 0000:00: root bus resource [io  0x0000-0x0cf7 window]
[    4.027189] pci_bus 0000:00: root bus resource [io  0x0d00-0xffff window]
[    4.039549] pci_bus 0000:00: root bus resource [mem 0x000a0000-0x000bffff window]
[    4.062895] pci_bus 0000:00: root bus resource [mem 0x40000000-0xffdfffff window]
[    4.065127] pci_bus 0000:00: root bus resource [bus 00-ff]
[    4.068537] pci 0000:00:01.1: legacy IDE quirk: reg 0x10: [io  0x01f0-0x01f7]
[    4.074503] pci 0000:00:01.1: legacy IDE quirk: reg 0x14: [io  0x03f6]
[    4.075881] pci 0000:00:01.1: legacy IDE quirk: reg 0x18: [io  0x0170-0x0177]
[    4.090581] pci 0000:00:01.1: legacy IDE quirk: reg 0x1c: [io  0x0376]
[    4.115388] pci 0000:00:07.0: quirk: [io  0x4000-0x403f] claimed by PIIX4 ACPI
[    4.123536] pci 0000:00:07.0: quirk: [io  0x4100-0x410f] claimed by PIIX4 SMB
[    4.162289] ACPI: PCI Interrupt Link [LNKA] (IRQs 5 9 10 *11)
[    4.169598] ACPI: PCI Interrupt Link [LNKB] (IRQs 5 9 10 *11)
[    4.181851] ACPI: PCI Interrupt Link [LNKC] (IRQs 5 9 *10 11)
[    4.205693] ACPI: PCI Interrupt Link [LNKD] (IRQs 5 *9 10 11)
[    4.215001] ACPI: Enabled 2 GPEs in block 00 to 07
[    4.225421] vgaarb: setting as boot device: PCI:0000:00:02.0
[    4.233514] vgaarb: device added: PCI:0000:00:02.0,decodes=io+mem,owns=io+mem,locks=none
[    4.248580] vgaarb: loaded
[    4.257607] vgaarb: bridge control possible 0000:00:02.0
[    4.278387] SCSI subsystem initialized
[    4.291897] ACPI: bus type USB registered
[    4.303592] usbcore: registered new interface driver usbfs
[    4.306831] usbcore: registered new interface driver hub
[    4.308198] usbcore: registered new device driver usb
[    4.312773] PCI: Using ACPI for IRQ routing
[    4.327635] NetLabel: Initializing
[    4.328584] NetLabel:  domain hash size = 128
[    4.329789] NetLabel:  protocols = UNLABELED CIPSOv4
[    4.330950] NetLabel:  unlabeled traffic allowed by default
[    4.332375] amd_nb: Cannot enumerate AMD northbridges
[    4.342746] clocksource: Switched to clocksource kvm-clock
[    4.375215] AppArmor: AppArmor Filesystem Enabled
[    4.405151] pnp: PnP ACPI init
[    4.407112] pnp: PnP ACPI: found 3 devices
[    4.472335] clocksource: acpi_pm: mask: 0xffffff max_cycles: 0xffffff, max_idle_ns: 2085701024 ns
[    4.549549] NET: Registered protocol family 2
[    4.566268] TCP established hash table entries: 8192 (order: 4, 65536 bytes)
[    4.603688] TCP bind hash table entries: 8192 (order: 5, 131072 bytes)
[    4.712229] TCP: Hash tables configured (established 8192 bind 8192)
[    4.719605] UDP hash table entries: 512 (order: 2, 16384 bytes)
[    4.809670] UDP-Lite hash table entries: 512 (order: 2, 16384 bytes)
[    4.936209] NET: Registered protocol family 1
[    5.013657] pci 0000:00:00.0: Limiting direct PCI/PCI transfers
[    5.014974] pci 0000:00:01.0: Activating ISA DMA hang workarounds
[    5.018147] Trying to unpack rootfs image as initramfs...
[    6.835470] Freeing initrd memory: 10484K (ffff880036b76000 - ffff8800375b3000)
[    6.855489] RAPL PMU detected, API unit is 2^-32 Joules, 4 fixed counters 10737418240 ms ovfl timer
[    6.950700] hw unit of domain pp0-core 2^-0 Joules
[    6.951848] hw unit of domain package 2^-0 Joules
[    6.957114] hw unit of domain dram 2^-0 Joules
[    6.997940] hw unit of domain pp1-gpu 2^-0 Joules
[    7.064152] platform rtc_cmos: registered platform RTC device (no PNP device found)
[    7.213252] Scanning for low memory corruption every 60 seconds
[    7.289419] futex hash table entries: 512 (order: 3, 32768 bytes)
[    7.347474] audit: initializing netlink subsys (disabled)
[    7.382711] audit: type=2000 audit(1485203559.953:1): initialized
[    7.405555] Initialise system trusted keyring
[    7.423737] HugeTLB registered 2 MB page size, pre-allocated 0 pages
[    7.470040] zbud: loaded
[    7.473804] VFS: Disk quotas dquot_6.6.0
[    7.485948] VFS: Dquot-cache hash table entries: 512 (order 0, 4096 bytes)
[    7.530005] squashfs: version 4.0 (2009/01/31) Phillip Lougher
[    7.634491] fuse init (API version 7.23)
[    7.697456] Key type big_key registered
[    7.729969] Allocating IMA MOK and blacklist keyrings.
[    7.755902] Key type asymmetric registered
[    7.818014] Asymmetric key parser 'x509' registered
[    7.853286] Block layer SCSI generic (bsg) driver version 0.4 loaded (major 249)
[    7.996673] io scheduler noop registered
[    8.063074] tsc: Refined TSC clocksource calibration: 2702.419 MHz
[    8.063077] clocksource: tsc: mask: 0xffffffffffffffff max_cycles: 0x26f42b666d3, max_idle_ns: 440795262498 ns
[    8.116068] io scheduler deadline registered (default)
[    8.138535] io scheduler cfq registered
[    8.145792] pci_hotplug: PCI Hot Plug PCI Core version: 0.5
[    8.205407] pciehp: PCI Express Hot Plug Controller Driver version: 0.4
[    8.343034] ACPI: AC Adapter [AC] (off-line)
[    8.358947] input: Power Button as /devices/LNXSYSTM:00/LNXPWRBN:00/input/input0
[    8.371530] ACPI: Power Button [PWRF]
[    8.372539] input: Sleep Button as /devices/LNXSYSTM:00/LNXSLPBN:00/input/input1
[    8.375223] ACPI: Sleep Button [SLPF]
[    8.377050] ACPI: Battery Slot [BAT0] (battery present)
[    8.415021] GHES: HEST is not enabled!
[    8.433646] Serial: 8250/16550 driver, 32 ports, IRQ sharing enabled
[    8.463436] 00:02: ttyS0 at I/O 0x3f8 (irq = 4, base_baud = 115200) is a 16550A
[    8.472412] Linux agpgart interface v0.103
[    8.490414] brd: module loaded
[    8.514848] loop: module loaded
[    8.527671] scsi host0: ata_piix
[    8.536671] scsi host1: ata_piix
[    8.537539] ata1: PATA max UDMA/33 cmd 0x1f0 ctl 0x3f6 bmdma 0xd000 irq 14
[    8.540530] ata2: PATA max UDMA/33 cmd 0x170 ctl 0x376 bmdma 0xd008 irq 15
[    8.542157] libphy: Fixed MDIO Bus: probed
[    8.543563] tun: Universal TUN/TAP device driver, 1.6
[    8.544697] tun: (C) 1999-2004 Max Krasnyansky <maxk@qualcomm.com>
[    8.546161] PPP generic driver version 2.4.2
[    8.567430] ehci_hcd: USB 2.0 'Enhanced' Host Controller (EHCI) Driver
[    8.568832] ehci-pci: EHCI PCI platform driver
[    8.569864] ehci-platform: EHCI generic platform driver
[    8.577754] ohci_hcd: USB 1.1 'Open' Host Controller (OHCI) Driver
[    8.599833] ohci-pci: OHCI PCI platform driver
[    8.600925] ohci-platform: OHCI generic platform driver
[    8.625792] uhci_hcd: USB Universal Host Controller Interface driver
[    8.763678] i8042: PNP: PS/2 Controller [PNP0303:PS2K,PNP0f03:PS2M] at 0x60,0x64 irq 1,12
[    8.766045] serio: i8042 KBD port at 0x60,0x64 irq 1
[    8.809659] serio: i8042 AUX port at 0x60,0x64 irq 12
[    8.840987] mousedev: PS/2 mouse device common for all mice
[    8.855137] input: AT Translated Set 2 keyboard as /devices/platform/i8042/serio0/input/input2
[    8.895451] rtc_cmos rtc_cmos: rtc core: registered rtc_cmos as rtc0
[    8.953475] rtc_cmos rtc_cmos: alarms up to one day, 114 bytes nvram
[    9.001687] i2c /dev entries driver
[    9.018075] device-mapper: uevent: version 1.0.3
[    9.019433] device-mapper: ioctl: 4.34.0-ioctl (2015-10-28) initialised: dm-devel@redhat.com
[    9.042302] ledtrig-cpu: registered to indicate activity on CPUs
[    9.110463] NET: Registered protocol family 10
[    9.159333] NET: Registered protocol family 17
[    9.173505] Key type dns_resolver registered
[    9.182610] microcode: CPU0 sig=0x306d4, pf=0x40, revision=0x0
[    9.240829] microcode: CPU1 sig=0x306d4, pf=0x40, revision=0x0
[    9.268329] microcode: Microcode Update Driver: v2.01 <tigran@aivazian.fsnet.co.uk>, Peter Oruba
[    9.283982] registered taskstats version 1
[    9.284985] Loading compiled-in X.509 certificates
[    9.286644] Loaded X.509 cert 'Build time autogenerated kernel key: 6ffa6bfaa152a74cd2b6aa1e188cb999d8f5632b'
[    9.358594] zswap: loaded using pool lzo/zbud
[    9.367331] Key type trusted registered
[    9.446541] Key type encrypted registered
[    9.478530] AppArmor: AppArmor sha1 policy hashing enabled
[    9.493848] ima: No TPM chip found, activating TPM-bypass!
[    9.495107] evm: HMAC attrs: 0x1
[    9.504186]   Magic number: 1:298:549
[    9.529608] tty ttyS25: hash matches
[    9.557272] clockevents clockevent0: hash matches
[    9.583849] acpi PNP0C0F:00: hash matches
[    9.584876] rtc_cmos rtc_cmos: setting system clock to 2017-01-23 20:32:40 UTC (1485203560)
[    9.586978] BIOS EDD facility v0.16 2004-Jun-25, 0 devices found
[    9.590006] EDD information not available.
[    9.600340] Freeing unused kernel memory: 1488K (ffffffff81f44000 - ffffffff820b8000)
[    9.682118] Write protecting the kernel read-only data: 14336k
[    9.763510] Freeing unused kernel memory: 1792K (ffff880001840000 - ffff880001a00000)
[    9.804579] Freeing unused kernel memory: 136K (ffff880001dde000 - ffff880001e00000)
Loading, please wait...
[    9.852938] random: systemd-udevd: uninitialized urandom read (16 bytes read, 5 bits of entropy available)
starting version[    9.853673] random: udevadm: uninitialized urandom read (16 bytes read, 5 bits of entropy available)
 229
[    9.853705] random: udevadm: uninitialized urandom read (16 bytes read, 5 bits of entropy available)
[    9.853804] random: udevadm: uninitialized urandom read (16 bytes read, 5 bits of entropy available)
[    9.853838] random: udevadm: uninitialized urandom read (16 bytes read, 5 bits of entropy available)
[    9.853871] random: udevadm: uninitialized urandom read (16 bytes read, 5 bits of entropy available)
[    9.853905] random: udevadm: uninitialized urandom read (16 bytes read, 5 bits of entropy available)
[    9.853936] random: udevadm: uninitialized urandom read (16 bytes read, 5 bits of entropy available)
[    9.853966] random: udevadm: uninitialized urandom read (16 bytes read, 5 bits of entropy available)
[    9.853996] random: udevadm: uninitialized urandom read (16 bytes read, 5 bits of entropy available)
[   10.363410] e1000: Intel(R) PRO/1000 Network Driver - version 7.3.21-k8-NAPI
[   10.398148] e1000: Copyright (c) 1999-2006 Intel Corporation.
[   10.420333] Fusion MPT base driver 3.04.20
[   10.431075] Copyright (c) 1999-2008 LSI Corporation
[   10.440301] Fusion MPT SPI Host driver 3.04.20
[   10.449189] AVX version of gcm_enc/dec engaged.
[   10.455612] AES CTR mode by8 optimization enabled
[   10.679144] input: ImExPS/2 Generic Explorer Mouse as /devices/platform/i8042/serio1/input/input4
[   10.799745] e1000 0000:00:03.0 eth0: (PCI:33MHz:32-bit) 02:29:99:d5:6c:03
[   10.802632] e1000 0000:00:03.0 eth0: Intel(R) PRO/1000 Network Connection
[   10.872077] mptbase: ioc0: Initiating bringup
[   10.971120] ioc0: LSI53C1030 A0: Capabilities={Initiator}
[   11.141281] scsi host2: ioc0: LSI53C1030 A0, FwRev=00000000h, Ports=1, MaxQ=256, IRQ=20
[   11.375508] scsi 2:0:0:0: Direct-Access     VBOX     HARDDISK         1.0  PQ: 0 ANSI: 5
[   11.396773] scsi target2:0:0: Beginning Domain Validation
[   11.426590] scsi target2:0:0: Domain Validation skipping write tests
[   11.518750] scsi target2:0:0: Ending Domain Validation
[   11.523448] scsi target2:0:0: asynchronous
[   11.525073] scsi 2:0:1:0: Direct-Access     VBOX     HARDDISK         1.0  PQ: 0 ANSI: 5
[   11.528224] scsi target2:0:1: Beginning Domain Validation
[   11.531560] scsi target2:0:1: Domain Validation skipping write tests
[   11.539488] scsi target2:0:1: Ending Domain Validation
[   11.540823] scsi target2:0:1: asynchronous
[   11.625304] sd 2:0:0:0: Attached scsi generic sg0 type 0
[   11.656162] sd 2:0:0:0: [sda] 20971520 512-byte logical blocks: (10.7 GB/10.0 GiB)
[   11.667067] sd 2:0:1:0: Attached scsi generic sg1 type 0
[   11.669261] sd 2:0:1:0: [sdb] 20480 512-byte logical blocks: (10.5 MB/10.0 MiB)
[   11.669720] sd 2:0:1:0: [sdb] Write Protect is off
[   11.669829] sd 2:0:1:0: [sdb] Incomplete mode parameter data
[   11.669830] sd 2:0:1:0: [sdb] Assuming drive cache: write through
[   11.699068] sd 2:0:0:0: [sda] Write Protect is off
[   11.700715] sd 2:0:0:0: [sda] Incomplete mode parameter data
[   11.704500] sd 2:0:0:0: [sda] Assuming drive cache: write through
[   11.716024]  sda: sda1
[   11.718487] sd 2:0:1:0: [sdb] Attached SCSI disk
[   11.727425] sd 2:0:0:0: [sda] Attached SCSI disk
[   11.791887] e1000 0000:00:08.0 eth1: (PCI:33MHz:32-bit) 08:00:27:e0:77:2a
[   11.793495] e1000 0000:00:08.0 eth1: Intel(R) PRO/1000 Network Connection
[   11.795674] e1000 0000:00:08.0 enp0s8: renamed from eth1
[   11.907789] e1000 0000:00:03.0 enp0s3: renamed from eth0
[   13.461908] floppy0: no floppy controllers found
Begin: Loading e[   14.877231] md: linear personality registered for level -1
ssential drivers[   14.933298] md: multipath personality registered for level -4
 ... [   15.024464] md: raid0 personality registered for level 0
[   15.116485] md: raid1 personality registered for level 1
[   15.255274] raid6: sse2x1   gen()  9667 MB/s
[   15.342913] raid6: sse2x1   xor()  6690 MB/s
[   15.459355] raid6: sse2x2   gen() 11922 MB/s
[   15.587082] raid6: sse2x2   xor()  7605 MB/s
[   15.670871] raid6: sse2x4   gen() 14013 MB/s
[   15.771177] raid6: sse2x4   xor()  9146 MB/s
[   15.811313] raid6: using algorithm sse2x4 gen() 14013 MB/s
[   15.824160] raid6: .... xor() 9146 MB/s, rmw enabled
[   15.839634] raid6: using ssse3x2 recovery algorithm
[   15.894723] xor: automatically using best checksumming function:
[   15.951166]    avx       : 18964.000 MB/sec
[   15.977403] async_tx: api initialized (async)
[   16.017150] md: raid6 personality registered for level 6
[   16.041362] md: raid5 personality registered for level 5
[   16.050495] md: raid4 personality registered for level 4
[   16.070441] md: raid10 personality registered for level 10
done.
Begin: Running /scripts/init-premount ... done.
Begin: Mounti[   16.167518] Btrfs loaded
ng root file system ... Begin: Running /scripts/local-top ... done.
Begin: Running /scripts/local-premount ... Scanning for Btrfs filesystems
done.
Warning: fsck no[   16.257058] EXT4-fs (sda1): mounted filesystem with ordered data mode. Opts: (null)
t present, so skipping root file system
done.
Begin: Running /scripts/local-bottom ... done.
Begin: Running /scripts/init-bottom ... done.
[   16.410229] systemd[1]: systemd 229 running in system mode. (+PAM +AUDIT +SELINUX +IMA +APPARMOR +SMACK +SYSVINIT +UTMP +LIBCRYPTSETUP +GCRYPT +GNUTLS +ACL +XZ -LZ4 +SECCOMP +BLKID +ELFUTILS +KMOD -IDN)
[   16.665462] systemd[1]: Detected virtualization oracle.
[   16.764691] systemd[1]: Detected architecture x86-64.

Welcome to [1mUbuntu 16.04.1 LTS[0m!

[   16.884235] systemd[1]: Set hostname to <ubuntu>.
[   16.966726] systemd[1]: Initializing machine ID from random generator.
[   17.025163] systemd[1]: Installed transient /etc/machine-id file.
[   17.230671] systemd[1]: Listening on LVM2 poll daemon socket.
[[0;32m  OK  [0m] Listening on LVM2 poll daemon socket.
[   17.251482] systemd[1]: Listening on Journal Socket (/dev/log).
[[0;32m  OK  [0m] Listening on Journal Socket (/dev/log).
[   17.274836] systemd[1]: Listening on LVM2 metadata daemon socket.
[[0;32m  OK  [0m] Listening on LVM2 metadata daemon socket.
[   17.295598] systemd[1]: Reached target Encrypted Volumes.
[[0;32m  OK  [0m] Reached target Encrypted Volumes.
[   17.395649] systemd[1]: Listening on Syslog Socket.
[[0;32m  OK  [0m] Listening on Syslog Socket.
[   17.405221] systemd[1]: Listening on Journal Socket.
[[0;32m  OK  [0m] Listening on Journal Socket.
[   17.476714] systemd[1]: Listening on Journal Audit Socket.
[[0;32m  OK  [0m] Listening on Journal Audit Socket.
[   17.485872] systemd[1]: Created slice User and Session Slice.
[[0;32m  OK  [0m] Created slice User and Session Slice.
[   17.548055] systemd[1]: Set up automount Arbitrary Executable File Formats File System Automount Point.
[[0;32m  OK  [0m] Set up automount Arbitrary Executab...ats File System Automount Point.
[   17.616490] systemd[1]: Reached target User and Group Name Lookups.
[[0;32m  OK  [0m] Reached target User and Group Name Lookups.
[   17.699314] systemd[1]: Listening on udev Kernel Socket.
[[0;32m  OK  [0m] Listening on udev Kernel Socket.
[   17.811258] systemd[1]: Listening on /dev/initctl Compatibility Named Pipe.
[[0;32m  OK  [0m] Listening on /dev/initctl Compatibility Named Pipe.
[   17.907696] systemd[1]: Created slice System Slice.
[[0;32m  OK  [0m] Created slice System Slice.
[   17.987152] systemd[1]: Starting Uncomplicated firewall...
         Starting Uncomplicated firewall...
[   18.055342] systemd[1]: Reached target Slices.
[[0;32m  OK  [0m] Reached target Slices.
[   18.127547] systemd[1]: Starting Journal Service...
         Starting Journal Service...
[   18.234962] systemd[1]: Mounting Debug File System...
         Mounting Debug File System...
[   18.331296] systemd[1]: Starting Create list of required static device nodes for the current kernel...
[   18.421023] random: nonblocking pool is initialized
         Starting Create list of required st... nodes for the current kernel...
[   18.495647] systemd[1]: Reached target Swap.
[[0;32m  OK  [0m] Reached target Swap.
[   18.527493] systemd[1]: Starting Set console keymap...
         Starting Set console keymap...
[   18.595530] systemd[1]: Mounting POSIX Message Queue File System...
         Mounting POSIX Message Queue File System...
[   18.661381] systemd[1]: Created slice system-serial\x2dgetty.slice.
[[0;32m  OK  [0m] Created slice system-serial\x2dgetty.slice.
[   18.723316] systemd[1]: Listening on udev Control Socket.
[[0;32m  OK  [0m] Listening on udev Control Socket.
[   18.779555] systemd[1]: Starting Load Kernel Modules...
         Starting Load Ke[   18.799173] Loading iSCSI transport class v2.0-870.
rnel Modules...
[   18.850700] systemd[1]: Starting Remount Root and Kernel File Systems...
         Starting Remount Root and Kernel File Systems...
[   18.869505] systemd[1]: Starting Nameserver information manager...
         [   18.905686] iscsi: registered transport (tcp)
Starting Nameser[   18.938391] EXT4-fs (sda1): re-mounted. Opts: (null)
ver information manager...
[   19.003286] systemd[1]: Started Forward Password Requests to Wall Directory Watch.
[[0;32m  OK  [0m] Started Forwa[   19.071143] iscsi: registered transport (iser)
rd Password Requests to Wall Directory Watch.
[   19.135072] systemd[1]: Mounting Huge Pages File System...
         Mounting Huge Pages File System...
[   19.233026] systemd[1]: Listening on Device-mapper event daemon FIFOs.
[[0;32m  OK  [0m] Listening on Device-mapper event daemon FIFOs.
[   19.375256] systemd[1]: Starting Monitoring of LVM2 mirrors, snapshots etc. using dmeventd or progress polling...
         Starting Monitoring of LVM2 mirrors... dmeventd or progress polling...
[   19.520201] systemd[1]: Mounted POSIX Message Queue File System.
[[0;32m  OK  [0m] Mounted POSIX Message Queue File System.
[   19.627387] systemd[1]: Mounted Huge Pages File System.
[[0;32m  OK  [0m] Mounted Huge Pages File System.
[   19.747091] systemd[1]: Mounted Debug File System.
[[0;32m  OK  [0m] Mounted Debug File System.
[   19.784451] systemd[1]: Started Journal Service.
[[0;32m  OK  [0m] Started Journal Service.
[[0;32m  OK  [0m] Started Uncomplicated firewall.
[[0;32m  OK  [0m] Started Create list of required sta...ce nodes for the current kernel.
[[0;32m  OK  [0m] Started Set console keymap.
[[0;32m  OK  [0m] Started Load Kernel Modules.
[[0;32m  OK  [0m] Started Remount Root and Kernel File Systems.
[[0;32m  OK  [0m] Started Nameserver information manager.
[[0;32m  OK  [0m] Started LVM2 metadata daemon.
         Starting udev Coldplug all Devices...
         Starting Initial cloud-init job (pre-networking)...
         Starting Load/Save Random Seed...
         Starting Apply Kernel Variables...
         Mounting FUSE Control File System...
         Starting Create Static Device Nodes in /dev...
         Starting Flush Journal to Persistent Storage...
[[0;32m  OK  [0m] Mounted FUSE Control File System.
[[0;32m  OK  [0m] Started Load/Save Random Seed.
[[0;32m  OK  [0m] Started Apply Kernel Variables.
[[0;32m  OK  [0m] Started Create Static Device Nodes in /dev.
[[0;32m  OK  [0m] Started udev Coldplug all Devices.
[[0;32m  OK  [0m] Started Flush Journal to Persistent Storage.
         Starting udev Kernel Device Manager...
[[0;32m  OK  [0m] Started udev Kernel Device Manager.
[[0;32m  OK  [0m] Started Dispatch Password Requests to Console Directory Watch.
[[0;32m  OK  [0m] Started Monitoring of LVM2 mirrors,...ng dmeventd or progress polling.
[[0;32m  OK  [0m] Reached target Local File Systems (Pre).
[[0;32m  OK  [0m] Reached target Local File Systems.
         Starting Create Volatile Files and Directories...
         Starting LSB: AppArmor initialization...
         Starting Set console font and keymap...
         Starting Tell Plymouth To Write Out Runtime Data...
         Starting Commit a transient machine-id on disk...
[[0;32m  OK  [0m] Started Create Volatile Files and Directories.
[[0;32m  OK  [0m] Started Tell Plymouth To Write Out Runtime Data.
[[0;32m  OK  [0m] Started Commit a transient machine-id on disk.
[[0;32m  OK  [0m] Found device /dev/ttyS0.
         Starting Update UTMP about System Boot/Shutdown...
[[0;32m  OK  [0m] Reached target System Time Synchronized.
[[0;32m  OK  [0m] Started Update UTMP about System Boot/Shutdown.
[[0;32m  OK  [0m] Listening on Load/Save RF Kill Switch Status /dev/rfkill Watch.
[   18.404467] cloud-init[472]: Cloud-init v. 0.7.8 running 'init-local' at Mon, 23 Jan 2017 20:32:52 +0000. Up 17.85 seconds.
[[0;32m  OK  [0m] Started LSB: AppArmor initialization.
[[0;32m  OK  [0m] Started Initial cloud-init job (pre-networking).
[[0;32m  OK  [0m] Reached target Network (Pre).
         Starting Raise network interfaces...
[[0;32m  OK  [0m] Started Set console font and keymap.
[[0;32m  OK  [0m] Created slice system-getty.slice.
[[0;32m  OK  [0m] Started Raise network interfaces.
         Starting Initial cloud-init job (metadata service crawler)...
[[0;32m  OK  [0m] Reached target Network.
[   21.250367] cloud-init[1059]: Cloud-init v. 0.7.8 running 'init' at Mon, 23 Jan 2017 20:32:55 +0000. Up 20.60 seconds.
[[0;32m  OK  [0m[   21.317461] ] cloud-initStarted Initial cloud-init job (metadata service crawler).[1059]: 
ci-info: ++++++++++++++++++++++++++++++++++++++Net device info++++++++++++++++++++++++++++++++++++++
[   21.317890] cloud-init[1059]: ci-info: +--------+-------+----------------------------+---------------+-------+-------------------+
[   21.492984] cloud-init[1059]: ci-info: | Device |   Up  |          Address           |      Mask     | Scope |     Hw-Address    |
[[0;32m  OK  [0m] Reached target System Initialization.
[[   21.493582] cloud-init[1059]: ci-info: +--------+-------+----------------------------+---------------+-------+-------------------+
[0;32m  OK  [0m] Started Daily apt activities.
[   21.619050] cloud-init[1059]: ci-info: | enp0s8 | False |             .              |       .       |   .   | 08:00:27:e0:77:2a |
[   21.747065] cloud-init[1059]: ci-info: | enp0s3 |  True |         10.0.2.15          | 255.255.255.0 |   .   | 02:29:99:d5:6c:03 |
[   21.747454] cloud-init[1059]: ci-info: | enp0s3 |  True | fe80::29:99ff:fed5:6c03/64 |       .       |  link | 02:29:99:d5:6c:03 |
         Starting LXD - unix socket.
[   21.747627] cloud-init[1059]: ci-info: |   lo   |  True |         127.0.0.1          |   255.0.0.0   |   .   |         .         |
[   21.912973] cloud-init[1059]: ci-info: |   lo   |  True |          ::1/128           |       .       |  host |         .         |
[   21.913298] cloud-init[1059]: ci-info: +--------+-------+----------------------------+---------------+-------+-------------------+
         Starting Socket activation for snappy daemon.
[[   21.913461] cloud-init[1059]: ci-info: +++++++++++++++++++++++++++Route IPv4 info++++++++++++++++++++++++++++
[   21.978018] cloud-init[1059]: ci-info: +-------+-------------+----------+---------------+-----------+-------+
[0;32m  OK  [0m] Listening on D-Bus System Message Bus Socket.
[   21.978119] cloud-init[1059]: ci-info: | Route | Destination | Gateway  |    Genmask    | Interface | Flags |
[   22.192548] cloud-init[1059]: ci-info: +-------+-------------+----------+---------------+-----------+-------+
[[0;32m  OK  [0m] Started ACPI Events Check.[   22.192873] 
cloud-init[1059]: ci-info: |   0   |   0.0.0.0   | 10.0.2.2 |    0.0.0.0    |   enp0s3  |   UG  |
[   22.266847] cloud-init[1059]: ci-info: |   1   |   10.0.2.0  | 0.0.0.0  | 255.255.255.0 |   enp0s3  |   U   |
[   22.267242] cloud-init[1059]: ci-info: +-------+-------------+----------+---------------+-----------+-------+
[[0;32m  OK  [0m] Started Daily Cleanup of Temporary Directories.
[   22.267472] cloud-init[1059]: Generating public/private rsa key pair.
[   22.341502] cloud-init[1059]: Your identification has been saved in /etc/ssh/ssh_host_rsa_key.
[[0;32m  OK  [0m] Listening on UUID daemon activation socket.
[[   22.341682] cloud-init[1059]: Your public key has been saved in /etc/ssh/ssh_host_rsa_key.pub.
[   22.363395] cloud-init[1059]: The key fingerprint is:
[   22.363562] cloud-init[1059]: SHA256:TztHe3MzDe/0+J+Tkp7Sh9aBuYwTsCPMj/w7aO85+YI root@ubuntu-xenial
[0;32m  OK  [0m] Listening on ACPID Listen Socket.
[[   22.364025] cloud-init[1059]: The key's randomart image is:
[   22.410613] cloud-init[1059]: +---[RSA 2048]----+
[0;32m  OK  [0m] Started Trigger resolvconf update for networkd DNS.[   22.410739] 
cloud-init[1059]: |                 |
[   22.410782] cloud-init[1059]: |                 |
[   22.495237] cloud-init[1059]: |                 |
[[0;32m  OK  [0m] Reached target Paths.
[[   22.495464] cloud-init[1059]: |         .       |
[   22.569434] cloud-init[1059]: |      o S + . +  |
[   22.569616] cloud-init[1059]: |       + = + + +.|
[0;32m  OK  [0m] Started Timer to automatically refresh installed snaps.
[[   22.570125] cloud-init[1059]: |      . * * B BoB|
[   22.676931] cloud-init[1059]: |       E *.* X.@=|
[0;32m  OK  [0m] Reached target Timers.
[[   22.677025] cloud-init[1059]: |      . +**.=o+oB|
[   22.776984] cloud-init[1059]: +----[SHA256]-----+
[   22.777175] cloud-init[0;32m  OK  [0m[1059]: ] Generating public/private dsa key pair.Reached target Network is Online.

[   22.777690] cloud-init[1059]: Your identification has been saved in /etc/ssh/ssh_host_dsa_key.
[   22.956374] cloud-init[1059]: Your public key has been saved in /etc/ssh/ssh_host_dsa_key.pub.
         Starting iSCSI initiator daemon (iscsid)...
[   22.956696] cloud-init[1059]: The key fingerprint is:
[   23.040625] cloud-init[1059]: SHA256:+OI0JjrWeIgPMW/VPZkNpGHFdbVoBwxuGx3FXhAvjok root@ubuntu-xenial
[   23.040987] cloud-init[1059]: The key's randomart image is:
[[0;32m  OK  [0m] Reached target Cloud-config availability.
[   23.041121] cloud-init[1059]: +---[DSA 1024]----+
[   23.200532] cloud-init[1059]: |      ooo.oo++=o |
[   23.202134] cloud-init[1059]: |     . +.. o.+.o.|
[[0;32m  OK  [0m] Listening on LXD - unix socket.
[[   23.202313] cloud-init[1059]: |      . . + +.+..|
[   23.237094] cloud-init[1059]: |     . o * = =.. |
[0;32m  OK  [0m] Listening on Socket activation for snappy daemon.
[   23.237169] cloud-init[1059]: |o   . o S E o .  |
[   23.388525] cloud-init[1059]: | + .   . .       |
[   23.388938] cloud-init[1059]: |..o+. = .        |
[[0;32m  OK  [0m] Started iSCSI initiator daemon (iscsid).
[   23.389151] cloud-init[1059]: |.o=.o= o         |
[   23.484485] cloud-init[1059]: | ooo  .          |
[   23.484904] cloud-init[1059]: +----[SHA256]-----+
         Starting Login to default iSCSI targets...
[[   23.485062] cloud-init[1059]: Generating public/private ecdsa key pair.
[   23.556688] cloud-init[1059]: Your identification has been saved in /etc/ssh/ssh_host_ecdsa_key.
[   23.556857] cloud-init[1059]: Your public key has been saved in /etc/ssh/ssh_host_ecdsa_key.pub.[0;32m  OK  [0m
] Reached target Sockets.
[   23.557279] cloud-init[1059]: The key fingerprint is:
[   23.701830] cloud-init[1059]: SHA256:2UDtnqS1hg2nmigb2jAvGLsEh/pFmvSfK+BVWhheuCk root@ubuntu-xenial
[[0;32m  OK  [0m] Reached target Basic System.
[   23.701983] cloud-init[1059]: The key's randomart image is:
[   23.844505] cloud-init[1059]: +---[ECDSA 256]---+
[   23.844915] cloud-init[1059]: |     .  ..       |
         Starting LSB: Record successful boot for GRUB...
[   23.845119] cloud-init[1059]: |    o ..  .      |
[   23.948923] cloud-init[1059]: |   . *  ..       |
[   23.949469] cloud-init[1059]: | .E = o .+=      |
[[0;32m  OK  [0m] Started Regular background program processing daemon.
[   23.950031] cloud-init[1059]: |o o..+  S@.o     |
[   24.008569] cloud-init[1059]: |+o.=o   + *      |
[   24.009121] cloud-init[1059]: |==+oo. o .       |
[[0;32m  OK  [0m] Started Deferred execution scheduler.
[   24.009341] cloud-init[1059]: |=Booo.o.         |
[   24.080453] cloud-init[1059]: |oo=o .+.         |
[   24.080854] cloud-init[1059]: +----[SHA256]-----+
[[0;32m  OK  [0m] Started ACPI event daemon.
[   24.081112] cloud-init[1059]: Generating public/private ed25519 key pair.
[   24.161339] [cloud-init[0;32m  OK  [0m[1059]: ] Your identification has been saved in /etc/ssh/ssh_host_ed25519_key.Started Snappy daemon.

[   24.162463] cloud-init[1059]: Your public key has been saved in /etc/ssh/ssh_host_ed25519_key.pub.
         Starting Auto import assertions from block devices...
[[0;32m  OK  [0m] Started D-Bus System Message Bus.
[   24.251798] cloud-init[1059]: The key fingerprint is:
[   24.299392] cloud-init[1059]: SHA256:GNzZF6rRof/jcT3vucOsD4ojpvxhfe6fE5tflR5/3eI root@ubuntu-xenial
[   24.336754]          cloud-initStarting Accounts Service...[1059]: 
The key's randomart image is:
[   24.337355] cloud-init[1059]: +--[ED25519 256]--+
[   24.371542] cloud-init[1059]: |          . .    |
         Starting LSB: MD monitoring daemon...
[   24.392648] cloud-init[1059]: |     . . = o .   |
[   24.421184] cloud-init[1059]: |      o = + .    |
         Starting Apply the settings specified in cloud-config...
[   24.421902] cloud-init[1059]: |       o + .    .|
[[0;32m  OK  [0m] Started FUSE filesystem for LXC.
[   24.543370] cloud-init[1059]: |      . S .    o.|
[   24.585134] cloud-init[1059]: |        .  . ...*|
[   24.585435] cloud-init[1059]: |       o . .+.OoB|
[   24.586213] cloud-init[1059]: |    . .o..+..Oo=*|
         Starting Login Service...
[   24.586988] cloud-init[1059]: |     o+...o+o+E*=|
         Starting /etc/rc.local Compatibility...
         Starting LXD - container startup/shutdown...
         Starting Pollinate to seed the pseudo random number generator...
         Starting System Logging Service...
[[0;32m  OK  [0m] Started Auto import assertions from block devices.
[[0;32m  OK  [0m] Started /etc/rc.local Compatibility.
[   24.647212] cloud-init[1059]: +----[SHA256]-----+
[[0;32m  OK  [0m] Started LSB: Record successful boot for GRUB.
[[0;32m  OK  [0m] Started Login to default iSCSI targets.
[[0;32m  OK  [0m] Started System Logging Service.
[[0;32m  OK  [0m] Started LXD - container startup/shutdown.
[[0;32m  OK  [0m] Started LSB: MD monitoring daemon.
         Starting Authenticate and Authorize Users to Run Privileged Tasks...
[[0;32m  OK  [0m] Reached target Remote File Systems (Pre).
[[0;32m  OK  [0m] Reached target Remote File Systems.
         Starting LSB: automatic crash report generation...
         Starting LSB: VirtualBox Linux Additions...
         Starting LSB: daemon to balance interrupts for SMP systems...
         Starting Permit User Sessions...
         Starting LSB: Set the CPU Frequency Scaling governor to "ondemand"...
[[0;32m  OK  [0m] Started Permit User Sessions.
[[0;32m  OK  [0m] Started Login Service.
[[0;32m  OK  [0m] Started Authenticate and Authorize Users to Run Privileged Tasks.
[[0;32m  OK  [0m] Started Accounts Service.
         Starting Terminate Plymouth Boot Screen...
         Starting Hold until boot process finishes up...
[[0;32m  OK  [0m] Started LSB: automatic crash report generation.
[[0;32m  OK  [0m] Started LSB: daemon to balance interrupts for SMP systems.
[[0;32m  OK  [0m] Started Terminate Plymouth Boot Screen.
[[0;32m  OK  [0m] Started Hold until boot process finishes up.
[[0;32m  OK  [0m] Started LSB: VirtualBox Linux Additions.
[[0;32m  OK  [0m] Started Serial Getty on ttyS0.
         Starting Set console scheme...
[[0;32m  OK  [0m] Started Getty on tty1.
[[0;32m  OK  [0m] Reached target Login Prompts.
[[0;32m  OK  [0m] Started LSB: Set the CPU Frequency Scaling governor to "ondemand".
[[0;32m  OK  [0m] Started Set console scheme.
[   25.685755] cloud-init[1195]: Generating locales (this might take a while)...
[[0;32m  OK  [0m] Started Pollinate to seed the pseudo random number generator.
         Starting OpenBSD Secure Shell server...
[[0;32m  OK  [0m] Started OpenBSD Secure Shell server.
[[0;32m  OK  [0m] Reached target Multi-User System.
[[0;32m  OK  [0m] Reached target Graphical Interface.
         Starting Update UTMP about System Runlevel Changes...
[[0;32m  OK  [0m] Started Update UTMP about System Runlevel Changes.
[   27.007254] cloud-init[1195]:   en_US.UTF-8... done
[   27.021246] cloud-init[1195]: Generation complete.
         Stopping OpenBSD Secure Shell server...
[[0;32m  OK  [0m] Stopped OpenBSD Secure Shell server.
         Starting OpenBSD Secure Shell server...
[[0;32m  OK  [0m] Started OpenBSD Secure Shell server.
[[0;32m  OK  [0m] Created slice User Slice of ubuntu.
         Starting User Manager for UID 1000...
[[0;32m  OK  [0m] Started Session 1 of user ubuntu.
[[0;32m  OK  [0m] Started User Manager for UID 1000.
[   27.617021] cloud-init[1195]: Cloud-init v. 0.7.8 running 'modules:config' at Mon, 23 Jan 2017 20:33:00 +0000. Up 25.42 seconds.
[[0;32m  OK  [0m] Started Apply the settings specified in cloud-config.
         Starting Execute cloud user/final scripts...
ci-info: no authorized ssh keys fingerprints found for user ubuntu.
<14>Jan 23 20:33:03 ec2: 
<14>Jan 23 20:33:03 ec2: #############################################################
<14>Jan 23 20:33:03 ec2: -----BEGIN SSH HOST KEY FINGERPRINTS-----
<14>Jan 23 20:33:03 ec2: 1024 SHA256:+OI0JjrWeIgPMW/VPZkNpGHFdbVoBwxuGx3FXhAvjok root@ubuntu-xenial (DSA)
<14>Jan 23 20:33:03 ec2: 256 SHA256:2UDtnqS1hg2nmigb2jAvGLsEh/pFmvSfK+BVWhheuCk root@ubuntu-xenial (ECDSA)
<14>Jan 23 20:33:03 ec2: 256 SHA256:GNzZF6rRof/jcT3vucOsD4ojpvxhfe6fE5tflR5/3eI root@ubuntu-xenial (ED25519)
<14>Jan 23 20:33:03 ec2: 2048 SHA256:TztHe3MzDe/0+J+Tkp7Sh9aBuYwTsCPMj/w7aO85+YI root@ubuntu-xenial (RSA)
<14>Jan 23 20:33:03 ec2: -----END SSH HOST KEY FINGERPRINTS-----
<14>Jan 23 20:33:03 ec2: #############################################################
-----BEGIN SSH HOST KEY KEYS-----
ecdsa-sha2-nistp256 AAAAE2VjZHNhLXNoYTItbmlzdHAyNTYAAAAIbmlzdHAyNTYAAABBBLvnE7lCBfCzctTzB/UWlDMbXH3cKULMp5bOQAsAbGXrEMNaykPP/ZsFJGgfa/jt+Pfl2JznHUxRPEvcJMnJDjM= root@ubuntu-xenial
ssh-ed25519 AAAAC3NzaC1lZDI1NTE5AAAAIIHMiei3mHXkrJohmL29OAKe7psiXewPIq3khNbzV5Ux root@ubuntu-xenial
ssh-rsa AAAAB3NzaC1yc2EAAAADAQABAAABAQDH9YxpSUuDFxB373E4C/loLSkC+kqUeO86ab/Cj6zb+0sbc0TSAAbA9bHMBGhSkf899mFwakbnZvI3Cg3BendDPMgGs/4QegfpqeudGUYwQ4LClU5LwmUQXO9bX1Na4pzuX/iVzw6qckkdTQD8kY6jhho/QEAOshj/e1M28sCxkgg3P8euz0xaNW1RWr8ByxDqOqtCJC805F/Y0t8qY3MfcDhuTw/RnD7tXSdt2/WV0MMVz97cgERx0v55CbSRFO4iUtMwYegTDAdw5h00BswbS/dgstbz45eo84bH5M1d3vkYOmC8YP2EhI3ZvTnnHuYBIYEhJ9XqkLbZcoCjTh+l root@ubuntu-xenial
-----END SSH HOST KEY KEYS-----
[   29.316425] cloud-init[1496]: Cloud-init v. 0.7.8 running 'modules:final' at Mon, 23 Jan 2017 20:33:03 +0000. Up 28.32 seconds.
[   29.375947] cloud-init[1496]: ci-info: no authorized ssh keys fingerprints found for user ubuntu.
[   29.407545] cloud-init[1496]: Cloud-init v. 0.7.8 finished at Mon, 23 Jan 2017 20:33:03 +0000. Datasource DataSourceNoCloud [seed=/dev/sdb][dsmode=net].  Up 29.22 seconds
[[0;32m  OK  [0m] Started Execute cloud user/final scripts.
[[0;32m  OK  [0m] Reached target Cloud-init target.

Ubuntu 16.04.1 LTS ubuntu-xenial ttyS0

ubuntu-xenial login: 