[    0.000000] Initializing cgroup subsys cpuset
[    0.000000] Initializing cgroup subsys cpu
[    0.000000] Initializing cgroup subsys cpuacct
[    0.000000] Linux version 4.4.0-59-generic (buildd@lgw01-11) (gcc version 5.4.0 20160609 (Ubuntu 5.4.0-6ubuntu1~16.04.4) ) #80-Ubuntu SMP Fri Jan 6 17:47:47 UTC 2017 (Ubuntu 4.4.0-59.80-generic 4.4.35)
[    0.000000] Command line: BOOT_IMAGE=/boot/vmlinuz-4.4.0-59-generic root=LABEL=cloudimg-rootfs ro console=tty1 console=ttyS0
[    0.000000] KERNEL supported cpus:
[    0.000000]   Intel GenuineIntel
[    0.000000]   AMD AuthenticAMD
[    0.000000]   Centaur CentaurHauls
[    0.000000] x86/fpu: xstate_offset[2]:  576, xstate_sizes[2]:  256
[    0.000000] x86/fpu: Supporting XSAVE feature 0x01: 'x87 floating point registers'
[    0.000000] x86/fpu: Supporting XSAVE feature 0x02: 'SSE registers'
[    0.000000] x86/fpu: Supporting XSAVE feature 0x04: 'AVX registers'
[    0.000000] x86/fpu: Enabled xstate features 0x7, context size is 832 bytes, using 'standard' format.
[    0.000000] x86/fpu: Using 'lazy' FPU context switches.
[    0.000000] e820: BIOS-provided physical RAM map:
[    0.000000] BIOS-e820: [mem 0x0000000000000000-0x000000000009fbff] usable
[    0.000000] BIOS-e820: [mem 0x000000000009fc00-0x000000000009ffff] reserved
[    0.000000] BIOS-e820: [mem 0x00000000000f0000-0x00000000000fffff] reserved
[    0.000000] BIOS-e820: [mem 0x0000000000100000-0x000000003ffeffff] usable
[    0.000000] BIOS-e820: [mem 0x000000003fff0000-0x000000003fffffff] ACPI data
[    0.000000] BIOS-e820: [mem 0x00000000fec00000-0x00000000fec00fff] reserved
[    0.000000] BIOS-e820: [mem 0x00000000fee00000-0x00000000fee00fff] reserved
[    0.000000] BIOS-e820: [mem 0x00000000fffc0000-0x00000000ffffffff] reserved
[    0.000000] NX (Execute Disable) protection: active
[    0.000000] SMBIOS 2.5 present.
[    0.000000] Hypervisor detected: KVM
[    0.000000] e820: last_pfn = 0x3fff0 max_arch_pfn = 0x400000000
[    0.000000] MTRR: Disabled
[    0.000000] x86/PAT: MTRRs disabled, skipping PAT initialization too.
[    0.000000] x86/PAT: Configuration [0-7]: WB  WT  UC- UC  WB  WT  UC- UC  
[    0.000000] CPU MTRRs all blank - virtualized system.
[    0.000000] found SMP MP-table at [mem 0x0009fff0-0x0009ffff] mapped at [ffff88000009fff0]
[    0.000000] Scanning 1 areas for low memory corruption
[    0.000000] RAMDISK: [mem 0x36b76000-0x375b2fff]
[    0.000000] ACPI: Early table checksum verification disabled
[    0.000000] ACPI: RSDP 0x00000000000E0000 000024 (v02 VBOX  )
[    0.000000] ACPI: XSDT 0x000000003FFF0030 00003C (v01 VBOX   VBOXXSDT 00000001 ASL  00000061)
[    0.000000] ACPI: FACP 0x000000003FFF00F0 0000F4 (v04 VBOX   VBOXFACP 00000001 ASL  00000061)
[    0.000000] ACPI: DSDT 0x000000003FFF0470 00210F (v01 VBOX   VBOXBIOS 00000002 INTL 20100528)
[    0.000000] ACPI: FACS 0x000000003FFF0200 000040
[    0.000000] ACPI: FACS 0x000000003FFF0200 000040
[    0.000000] ACPI: APIC 0x000000003FFF0240 00005C (v02 VBOX   VBOXAPIC 00000001 ASL  00000061)
[    0.000000] ACPI: SSDT 0x000000003FFF02A0 0001CC (v01 VBOX   VBOXCPUT 00000002 INTL 20100528)
[    0.000000] No NUMA configuration found
[    0.000000] Faking a node at [mem 0x0000000000000000-0x000000003ffeffff]
[    0.000000] NODE_DATA(0) allocated [mem 0x3ffeb000-0x3ffeffff]
[    0.000000] kvm-clock: Using msrs 4b564d01 and 4b564d00
[    0.000000] kvm-clock: cpu 0, msr 0:3ffe3001, primary cpu clock
[    0.000000] kvm-clock: using sched offset of 3147773447 cycles
[    0.000000] clocksource: kvm-clock: mask: 0xffffffffffffffff max_cycles: 0x1cd42e4dffb, max_idle_ns: 881590591483 ns
[    0.000000] Zone ranges:
[    0.000000]   DMA      [mem 0x0000000000001000-0x0000000000ffffff]
[    0.000000]   DMA32    [mem 0x0000000001000000-0x000000003ffeffff]
[    0.000000]   Normal   empty
[    0.000000]   Device   empty
[    0.000000] Movable zone start for each node
[    0.000000] Early memory node ranges
[    0.000000]   node   0: [mem 0x0000000000001000-0x000000000009efff]
[    0.000000]   node   0: [mem 0x0000000000100000-0x000000003ffeffff]
[    0.000000] Initmem setup node 0 [mem 0x0000000000001000-0x000000003ffeffff]
[    0.000000] ACPI: PM-Timer IO Port: 0x4008
[    0.000000] IOAPIC[0]: apic_id 2, version 32, address 0xfec00000, GSI 0-23
[    0.000000] ACPI: INT_SRC_OVR (bus 0 bus_irq 0 global_irq 2 dfl dfl)
[    0.000000] ACPI: INT_SRC_OVR (bus 0 bus_irq 9 global_irq 9 high level)
[    0.000000] Using ACPI (MADT) for SMP configuration information
[    0.000000] smpboot: Allowing 2 CPUs, 0 hotplug CPUs
[    0.000000] PM: Registered nosave memory: [mem 0x00000000-0x00000fff]
[    0.000000] PM: Registered nosave memory: [mem 0x0009f000-0x0009ffff]
[    0.000000] PM: Registered nosave memory: [mem 0x000a0000-0x000effff]
[    0.000000] PM: Registered nosave memory: [mem 0x000f0000-0x000fffff]
[    0.000000] e820: [mem 0x40000000-0xfebfffff] available for PCI devices
[    0.000000] Booting paravirtualized kernel on KVM
[    0.000000] clocksource: refined-jiffies: mask: 0xffffffff max_cycles: 0xffffffff, max_idle_ns: 7645519600211568 ns
[    0.000000] setup_percpu: NR_CPUS:512 nr_cpumask_bits:512 nr_cpu_ids:2 nr_node_ids:1
[    0.000000] PERCPU: Embedded 33 pages/cpu @ffff88003fc00000 s98264 r8192 d28712 u1048576
[    0.000000] PV qspinlock hash table entries: 256 (order: 0, 4096 bytes)
[    0.000000] Built 1 zonelists in Node order, mobility grouping on.  Total pages: 257913
[    0.000000] Policy zone: DMA32
[    0.000000] Kernel command line: BOOT_IMAGE=/boot/vmlinuz-4.4.0-59-generic root=LABEL=cloudimg-rootfs ro console=tty1 console=ttyS0
[    0.000000] PID hash table entries: 4096 (order: 3, 32768 bytes)
[    0.000000] Memory: 1002096K/1048120K available (8436K kernel code, 1291K rwdata, 3960K rodata, 1488K init, 1316K bss, 46024K reserved, 0K cma-reserved)
[    0.000000] SLUB: HWalign=64, Order=0-3, MinObjects=0, CPUs=2, Nodes=1
[    0.000000] Hierarchical RCU implementation.
[    0.000000] 	Build-time adjustment of leaf fanout to 64.
[    0.000000] 	RCU restricting CPUs from NR_CPUS=512 to nr_cpu_ids=2.
[    0.000000] RCU: Adjusting geometry for rcu_fanout_leaf=64, nr_cpu_ids=2
[    0.000000] NR_IRQS:33024 nr_irqs:440 16
[    0.000000] Console: colour VGA+ 80x25
[    0.000000] console [tty1] enabled
[    0.000000] console [ttyS0] enabled
[    0.000000] tsc: Detected 2699.998 MHz processor
[    5.251479] Calibrating delay loop (skipped) preset value.. 5399.99 BogoMIPS (lpj=10799992)
[    5.309882] pid_max: default: 32768 minimum: 301
[    5.316659] ACPI: Core revision 20150930
[    5.318564] ACPI: 2 ACPI AML tables successfully acquired and loaded
[    5.353898] Security Framework initialized
[    5.354862] Yama: becoming mindful.
[    5.355723] AppArmor: AppArmor initialized
[    5.375037] Dentry cache hash table entries: 131072 (order: 8, 1048576 bytes)
[    5.376898] Inode-cache hash table entries: 65536 (order: 7, 524288 bytes)
[    5.391976] Mount-cache hash table entries: 2048 (order: 2, 16384 bytes)
[    5.453711] Mountpoint-cache hash table entries: 2048 (order: 2, 16384 bytes)
[    5.504362] Initializing cgroup subsys io
[    5.539699] Initializing cgroup subsys memory
[    5.551006] Initializing cgroup subsys devices
[    5.596897] Initializing cgroup subsys freezer
[    5.649169] Initializing cgroup subsys net_cls
[    5.701846] Initializing cgroup subsys perf_event
[    5.722795] Initializing cgroup subsys net_prio
[    5.768707] Initializing cgroup subsys hugetlb
[    5.783745] Initializing cgroup subsys pids
[    5.829884] CPU: Physical Processor ID: 0
[    5.860273] CPU: Processor Core ID: 0
[    5.902342] mce: CPU supports 0 MCE banks
[    5.945346] Last level iTLB entries: 4KB 64, 2MB 8, 4MB 8
[    5.994822] Last level dTLB entries: 4KB 64, 2MB 0, 4MB 0, 1GB 4
[    6.058291] Freeing SMP alternatives memory: 32K (ffffffff820b8000 - ffffffff820c0000)
[    6.135017] ftrace: allocating 32064 entries in 126 pages
[    6.210222] smpboot: APIC(0) Converting physical 0 to logical package 0
[    6.305507] smpboot: Max logical packages: 1
[    6.326186] x2apic enabled
[    6.353309] Switched APIC routing to physical x2apic.
[    6.420832] ..TIMER: vector=0x30 apic1=0 pin1=2 apic2=-1 pin2=-1
[    6.556806] smpboot: CPU0: Intel(R) Core(TM) i5-5257U CPU @ 2.70GHz (family: 0x6, model: 0x3d, stepping: 0x4)
[    6.662040] Performance Events: unsupported p6 CPU model 61 no PMU driver, software events only.
[    6.754471] KVM setup paravirtual spinlock
[    6.777990] x86: Booting SMP configuration:
[    6.825284] .... node  #0, CPUs:      #1
[    6.859512] kvm-clock: cpu 1, msr 0:3ffe3041, secondary cpu clock
[    6.871794] mce: CPU supports 0 MCE banks
[    6.876144] x86: Booted up 1 node, 2 CPUs
[    6.901832] smpboot: Total of 2 processors activated (10799.99 BogoMIPS)
[    6.936979] devtmpfs: initialized
[    6.945646] evm: security.selinux
[    6.950955] evm: security.SMACK64
[    6.956887] evm: security.SMACK64EXEC
[    6.963096] evm: security.SMACK64TRANSMUTE
[    6.976479] evm: security.SMACK64MMAP
[    6.977579] evm: security.ima
[    6.978388] evm: security.capability
[    6.979486] clocksource: jiffies: mask: 0xffffffff max_cycles: 0xffffffff, max_idle_ns: 7645041785100000 ns
[    7.012794] pinctrl core: initialized pinctrl subsystem
[    7.014187] RTC time:  5:27:03, date: 01/24/17
[    7.017133] NET: Registered protocol family 16
[    7.053120] cpuidle: using governor ladder
[    7.089336] cpuidle: using governor menu
[    7.131578] PCCT header not found.
[    7.158985] ACPI: bus type PCI registered
[    7.159928] acpiphp: ACPI Hot Plug PCI Controller Driver version: 0.5
[    7.214305] PCI: Using configuration type 1 for base access
[    7.250148] ACPI: Added _OSI(Module Device)
[    7.285818] ACPI: Added _OSI(Processor Device)
[    7.286834] ACPI: Added _OSI(3.0 _SCP Extensions)
[    7.324498] ACPI: Added _OSI(Processor Aggregator Device)
[    7.386395] ACPI: Executed 1 blocks of module-level executable AML code
[    7.435933] ACPI: Interpreter enabled
[    7.463801] ACPI: (supports S0 S5)
[    7.499657] ACPI: Using IOAPIC for interrupt routing
[    7.550742] PCI: Using host bridge windows from ACPI; if necessary, use "pci=nocrs" and report a bug
[    7.558060] ACPI: PCI Root Bridge [PCI0] (domain 0000 [bus 00-ff])
[    7.641209] acpi PNP0A03:00: _OSC: OS supports [ASPM ClockPM Segments MSI]
[    7.681493] acpi PNP0A03:00: _OSC failed (AE_NOT_FOUND); disabling ASPM
[    7.759385] acpi PNP0A03:00: fail to add MMCONFIG information, can't access extended PCI configuration space under this bridge.
[    7.875469] PCI host bridge to bus 0000:00
[    7.914429] pci_bus 0000:00: root bus resource [io  0x0000-0x0cf7 window]
[    7.983217] pci_bus 0000:00: root bus resource [io  0x0d00-0xffff window]
[    8.000526] pci_bus 0000:00: root bus resource [mem 0x000a0000-0x000bffff window]
[    8.011147] pci_bus 0000:00: root bus resource [mem 0x40000000-0xffdfffff window]
[    8.071995] pci_bus 0000:00: root bus resource [bus 00-ff]
[    8.095334] pci 0000:00:01.1: legacy IDE quirk: reg 0x10: [io  0x01f0-0x01f7]
[    8.134723] pci 0000:00:01.1: legacy IDE quirk: reg 0x14: [io  0x03f6]
[    8.136135] pci 0000:00:01.1: legacy IDE quirk: reg 0x18: [io  0x0170-0x0177]
[    8.185216] pci 0000:00:01.1: legacy IDE quirk: reg 0x1c: [io  0x0376]
[    8.225021] pci 0000:00:07.0: quirk: [io  0x4000-0x403f] claimed by PIIX4 ACPI
[    8.243020] pci 0000:00:07.0: quirk: [io  0x4100-0x410f] claimed by PIIX4 SMB
[    8.288672] ACPI: PCI Interrupt Link [LNKA] (IRQs 5 9 10 *11)
[    8.309085] ACPI: PCI Interrupt Link [LNKB] (IRQs 5 9 10 *11)
[    8.329524] ACPI: PCI Interrupt Link [LNKC] (IRQs 5 9 *10 11)
[    8.360754] ACPI: PCI Interrupt Link [LNKD] (IRQs 5 *9 10 11)
[    8.362539] ACPI: Enabled 2 GPEs in block 00 to 07
[    8.390096] vgaarb: setting as boot device: PCI:0000:00:02.0
[    8.417955] vgaarb: device added: PCI:0000:00:02.0,decodes=io+mem,owns=io+mem,locks=none
[    8.478588] vgaarb: loaded
[    8.493031] vgaarb: bridge control possible 0000:00:02.0
[    8.530805] SCSI subsystem initialized
[    8.570396] ACPI: bus type USB registered
[    8.613364] usbcore: registered new interface driver usbfs
[    8.660054] usbcore: registered new interface driver hub
[    8.662479] usbcore: registered new device driver usb
[    8.663912] PCI: Using ACPI for IRQ routing
[    8.665287] NetLabel: Initializing
[    8.690077] NetLabel:  domain hash size = 128
[    8.691080] NetLabel:  protocols = UNLABELED CIPSOv4
[    8.692214] NetLabel:  unlabeled traffic allowed by default
[    8.696274] amd_nb: Cannot enumerate AMD northbridges
[    8.697489] clocksource: Switched to clocksource kvm-clock
[    8.716973] AppArmor: AppArmor Filesystem Enabled
[    8.732802] pnp: PnP ACPI init
[    8.739311] pnp: PnP ACPI: found 3 devices
[    8.769595] clocksource: acpi_pm: mask: 0xffffff max_cycles: 0xffffff, max_idle_ns: 2085701024 ns
[    8.820398] NET: Registered protocol family 2
[    8.834252] TCP established hash table entries: 8192 (order: 4, 65536 bytes)
[    8.841265] TCP bind hash table entries: 8192 (order: 5, 131072 bytes)
[    8.844130] TCP: Hash tables configured (established 8192 bind 8192)
[    8.867808] UDP hash table entries: 512 (order: 2, 16384 bytes)
[    8.875918] UDP-Lite hash table entries: 512 (order: 2, 16384 bytes)
[    8.899926] NET: Registered protocol family 1
[    8.913023] pci 0000:00:00.0: Limiting direct PCI/PCI transfers
[    8.920090] pci 0000:00:01.0: Activating ISA DMA hang workarounds
[    8.942057] Trying to unpack rootfs image as initramfs...
[   10.788003] Freeing initrd memory: 10484K (ffff880036b76000 - ffff8800375b3000)
[   10.879831] RAPL PMU detected, API unit is 2^-32 Joules, 4 fixed counters 10737418240 ms ovfl timer
[   10.947031] hw unit of domain pp0-core 2^-0 Joules
[   11.022284] hw unit of domain package 2^-0 Joules
[   11.082057] hw unit of domain dram 2^-0 Joules
[   11.118282] hw unit of domain pp1-gpu 2^-0 Joules
[   11.160747] platform rtc_cmos: registered platform RTC device (no PNP device found)
[   11.210844] Scanning for low memory corruption every 60 seconds
[   11.365057] futex hash table entries: 512 (order: 3, 32768 bytes)
[   11.482048] audit: initializing netlink subsys (disabled)
[   11.495140] audit: type=2000 audit(1485235624.229:1): initialized
[   11.510589] Initialise system trusted keyring
[   11.544616] HugeTLB registered 2 MB page size, pre-allocated 0 pages
[   11.571663] zbud: loaded
[   11.580094] VFS: Disk quotas dquot_6.6.0
[   11.586328] VFS: Dquot-cache hash table entries: 512 (order 0, 4096 bytes)
[   11.633417] squashfs: version 4.0 (2009/01/31) Phillip Lougher
[   11.687721] fuse init (API version 7.23)
[   11.698493] Key type big_key registered
[   11.725430] Allocating IMA MOK and blacklist keyrings.
[   11.728844] Key type asymmetric registered
[   11.756794] Asymmetric key parser 'x509' registered
[   11.774232] Block layer SCSI generic (bsg) driver version 0.4 loaded (major 249)
[   11.807871] io scheduler noop registered
[   11.822408] io scheduler deadline registered (default)
[   11.837878] io scheduler cfq registered
[   11.842754] pci_hotplug: PCI Hot Plug PCI Core version: 0.5
[   11.857152] pciehp: PCI Express Hot Plug Controller Driver version: 0.4
[   11.860213] ACPI: AC Adapter [AC] (off-line)
[   11.862258] input: Power Button as /devices/LNXSYSTM:00/LNXPWRBN:00/input/input0
[   11.867671] ACPI: Power Button [PWRF]
[   11.868836] input: Sleep Button as /devices/LNXSYSTM:00/LNXSLPBN:00/input/input1
[   11.896026] ACPI: Sleep Button [SLPF]
[   11.902861] GHES: HEST is not enabled!
[   11.904149] ACPI: Battery Slot [BAT0] (battery present)
[   11.912747] Serial: 8250/16550 driver, 32 ports, IRQ sharing enabled
[   11.964258] 00:02: ttyS0 at I/O 0x3f8 (irq = 4, base_baud = 115200) is a 16550A
[   11.980950] Linux agpgart interface v0.103
[   12.004781] brd: module loaded
[   12.016228] loop: module loaded
[   12.073590] scsi host0: ata_piix
[   12.112683] scsi host1: ata_piix
[   12.140832] ata1: PATA max UDMA/33 cmd 0x1f0 ctl 0x3f6 bmdma 0xd000 irq 14
[   12.144599] ata2: PATA max UDMA/33 cmd 0x170 ctl 0x376 bmdma 0xd008 irq 15
[   12.159717] tsc: Refined TSC clocksource calibration: 2701.339 MHz
[   12.159720] clocksource: tsc: mask: 0xffffffffffffffff max_cycles: 0x26f02f31f3a, max_idle_ns: 440795265348 ns
[   12.352324] libphy: Fixed MDIO Bus: probed
[   12.421283] tun: Universal TUN/TAP device driver, 1.6
[   12.472939] tun: (C) 1999-2004 Max Krasnyansky <maxk@qualcomm.com>
[   12.494775] PPP generic driver version 2.4.2
[   12.495859] ehci_hcd: USB 2.0 'Enhanced' Host Controller (EHCI) Driver
[   12.558043] ehci-pci: EHCI PCI platform driver
[   12.561673] ehci-platform: EHCI generic platform driver
[   12.575308] ohci_hcd: USB 1.1 'Open' Host Controller (OHCI) Driver
[   12.582948] ohci-pci: OHCI PCI platform driver
[   12.590163] ohci-platform: OHCI generic platform driver
[   12.595648] uhci_hcd: USB Universal Host Controller Interface driver
[   12.600548] i8042: PNP: PS/2 Controller [PNP0303:PS2K,PNP0f03:PS2M] at 0x60,0x64 irq 1,12
[   12.638494] serio: i8042 KBD port at 0x60,0x64 irq 1
[   12.648741] serio: i8042 AUX port at 0x60,0x64 irq 12
[   12.654276] mousedev: PS/2 mouse device common for all mice
[   12.662839] input: AT Translated Set 2 keyboard as /devices/platform/i8042/serio0/input/input2
[   12.670358] rtc_cmos rtc_cmos: rtc core: registered rtc_cmos as rtc0
[   12.792065] rtc_cmos rtc_cmos: alarms up to one day, 114 bytes nvram
[   12.893681] i2c /dev entries driver
[   12.932523] device-mapper: uevent: version 1.0.3
[   13.010000] device-mapper: ioctl: 4.34.0-ioctl (2015-10-28) initialised: dm-devel@redhat.com
[   13.030249] ledtrig-cpu: registered to indicate activity on CPUs
[   13.049816] NET: Registered protocol family 10
[   13.120346] NET: Registered protocol family 17
[   13.163890] Key type dns_resolver registered
[   13.235891] microcode: CPU0 sig=0x306d4, pf=0x40, revision=0x0
[   13.256390] microcode: CPU1 sig=0x306d4, pf=0x40, revision=0x0
[   13.306102] microcode: Microcode Update Driver: v2.01 <tigran@aivazian.fsnet.co.uk>, Peter Oruba
[   13.362348] registered taskstats version 1
[   13.370262] Loading compiled-in X.509 certificates
[   13.380567] Loaded X.509 cert 'Build time autogenerated kernel key: 6ffa6bfaa152a74cd2b6aa1e188cb999d8f5632b'
[   13.412709] zswap: loaded using pool lzo/zbud
[   13.438262] Key type trusted registered
[   13.498440] Key type encrypted registered
[   13.544852] AppArmor: AppArmor sha1 policy hashing enabled
[   13.545840] ima: No TPM chip found, activating TPM-bypass!
[   13.546805] evm: HMAC attrs: 0x1
[   13.551439]   Magic number: 1:227:467
[   13.559526] rtc_cmos rtc_cmos: setting system clock to 2017-01-24 05:27:09 UTC (1485235629)
[   13.564000] BIOS EDD facility v0.16 2004-Jun-25, 0 devices found
[   13.598416] EDD information not available.
[   13.649729] Freeing unused kernel memory: 1488K (ffffffff81f44000 - ffffffff820b8000)
[   13.701491] Write protecting the kernel read-only data: 14336k
[   13.759751] Freeing unused kernel memory: 1792K (ffff880001840000 - ffff880001a00000)
[   13.788705] Freeing unused kernel memory: 136K (ffff880001dde000 - ffff880001e00000)
Loading, please [   13.866153] random: systemd-udevd: uninitialized urandom read (16 bytes read, 7 bits of entropy available)
wait...
startin[   13.866970] random: udevadm: uninitialized urandom read (16 bytes read, 7 bits of entropy available)
g version 229
[   13.867005] random: udevadm: uninitialized urandom read (16 bytes read, 7 bits of entropy available)
[   13.867107] random: udevadm: uninitialized urandom read (16 bytes read, 7 bits of entropy available)
[   13.867145] random: udevadm: uninitialized urandom read (16 bytes read, 7 bits of entropy available)
[   13.867178] random: udevadm: uninitialized urandom read (16 bytes read, 7 bits of entropy available)
[   13.867212] random: udevadm: uninitialized urandom read (16 bytes read, 7 bits of entropy available)
[   13.867246] random: udevadm: uninitialized urandom read (16 bytes read, 7 bits of entropy available)
[   13.867278] random: udevadm: uninitialized urandom read (16 bytes read, 7 bits of entropy available)
[   13.867315] random: udevadm: uninitialized urandom read (16 bytes read, 7 bits of entropy available)
[   14.645507] e1000: Intel(R) PRO/1000 Network Driver - version 7.3.21-k8-NAPI
[   14.662429] e1000: Copyright (c) 1999-2006 Intel Corporation.
[   14.690578] Fusion MPT base driver 3.04.20
[   14.694121] Copyright (c) 1999-2008 LSI Corporation
[   14.709627] AVX version of gcm_enc/dec engaged.
[   14.715408] AES CTR mode by8 optimization enabled
[   14.718783] Fusion MPT SPI Host driver 3.04.20
[   14.913875] input: ImExPS/2 Generic Explorer Mouse as /devices/platform/i8042/serio1/input/input4
[   15.094328] e1000 0000:00:03.0 eth0: (PCI:33MHz:32-bit) 02:29:99:d5:6c:03
[   15.180606] e1000 0000:00:03.0 eth0: Intel(R) PRO/1000 Network Connection
[   15.656545] e1000 0000:00:08.0 eth1: (PCI:33MHz:32-bit) 08:00:27:27:84:3f
[   15.732376] e1000 0000:00:08.0 eth1: Intel(R) PRO/1000 Network Connection
[   15.751635] e1000 0000:00:03.0 enp0s3: renamed from eth0
[   15.757536] mptbase: ioc0: Initiating bringup
[   15.854899] e1000 0000:00:08.0 enp0s8: renamed from eth1
[   15.970072] ioc0: LSI53C1030 A0: Capabilities={Initiator}
[   16.255579] scsi host2: ioc0: LSI53C1030 A0, FwRev=00000000h, Ports=1, MaxQ=256, IRQ=20
[   16.390943] scsi 2:0:0:0: Direct-Access     VBOX     HARDDISK         1.0  PQ: 0 ANSI: 5
[   16.476472] scsi target2:0:0: Beginning Domain Validation
[   16.520414] scsi target2:0:0: Domain Validation skipping write tests
[   16.535082] scsi target2:0:0: Ending Domain Validation
[   16.551488] scsi target2:0:0: asynchronous
[   16.567545] scsi 2:0:1:0: Direct-Access     VBOX     HARDDISK         1.0  PQ: 0 ANSI: 5
[   16.589357] scsi target2:0:1: Beginning Domain Validation
[   16.632012] scsi target2:0:1: Domain Validation skipping write tests
[   16.650581] scsi target2:0:1: Ending Domain Validation
[   16.657896] scsi target2:0:1: asynchronous
[   16.682522] sd 2:0:0:0: [sda] 20971520 512-byte logical blocks: (10.7 GB/10.0 GiB)
[   16.717716] sd 2:0:0:0: [sda] Write Protect is off
[   16.717719] sd 2:0:0:0: Attached scsi generic sg0 type 0
[   16.741547] sd 2:0:1:0: Attached scsi generic sg1 type 0
[   16.742131] sd 2:0:1:0: [sdb] 20480 512-byte logical blocks: (10.5 MB/10.0 MiB)
[   16.742362] sd 2:0:1:0: [sdb] Write Protect is off
[   16.742525] sd 2:0:1:0: [sdb] Incomplete mode parameter data
[   16.742526] sd 2:0:1:0: [sdb] Assuming drive cache: write through
[   16.746046] sd 2:0:1:0: [sdb] Attached SCSI disk
[   17.097744] sd 2:0:0:0: [sda] Incomplete mode parameter data
[   17.114492] sd 2:0:0:0: [sda] Assuming drive cache: write through
[   17.118940]  sda: sda1
[   17.162433] sd 2:0:0:0: [sda] Attached SCSI disk
[   17.770426] floppy0: no floppy controllers found
Begin: Loading e[   19.137939] md: linear personality registered for level -1
ssential drivers[   19.183705] md: multipath personality registered for level -4
 ... [   19.269930] md: raid0 personality registered for level 0
[   19.351113] md: raid1 personality registered for level 1
[   19.565782] raid6: sse2x1   gen()  6228 MB/s
[   19.637653] raid6: sse2x1   xor()  4896 MB/s
[   19.725743] raid6: sse2x2   gen()  9249 MB/s
[   19.802020] raid6: sse2x2   xor()  5631 MB/s
[   19.913830] raid6: sse2x4   gen()  6085 MB/s
[   19.993840] raid6: sse2x4   xor()  8625 MB/s
[   20.021440] raid6: using algorithm sse2x2 gen() 9249 MB/s
[   20.040149] raid6: .... xor() 5631 MB/s, rmw enabled
[   20.041246] raid6: using ssse3x2 recovery algorithm
[   20.063083] xor: automatically using best checksumming function:
[   20.105931]    avx       : 20836.000 MB/sec
[   20.162204] async_tx: api initialized (async)
[   20.241940] md: raid6 personality registered for level 6
[   20.261907] md: raid5 personality registered for level 5
[   20.307986] md: raid4 personality registered for level 4
[   20.359252] md: raid10 personality registered for level 10
done.
Begin: Running /scripts/init-premount ... done.
Begin: M[   20.449923] Btrfs loaded
ounting root file system ... Begin: Running /scripts/local-top ... done.
Begin:[   20.522018] EXT4-fs (sda1): mounted filesystem with ordered data mode. Opts: (null)
 Running /scripts/local-premount ... Scanning for Btrfs filesystems
done.
Warning: fsck not present, so skipping root file system
done.
Begin: Running /scripts/local-bottom ... done.
Begin: Running /scripts/init-bottom ... done.
[   20.743696] systemd[1]: systemd 229 running in system mode. (+PAM +AUDIT +SELINUX +IMA +APPARMOR +SMACK +SYSVINIT +UTMP +LIBCRYPTSETUP +GCRYPT +GNUTLS +ACL +XZ -LZ4 +SECCOMP +BLKID +ELFUTILS +KMOD -IDN)
[   20.911998] systemd[1]: Detected virtualization oracle.
[   20.966498] systemd[1]: Detected architecture x86-64.

Welcome to [1mUbuntu 16.04.1 LTS[0m!

[   21.032852] systemd[1]: Set hostname to <ubuntu>.
[   21.099812] systemd[1]: Initializing machine ID from random generator.
[   21.144201] systemd[1]: Installed transient /etc/machine-id file.
[   21.296262] systemd[1]: Listening on Journal Audit Socket.
[[0;32m  OK  [0m] Listening on Journal Audit Socket.
[   21.390103] systemd[1]: Listening on Journal Socket.
[[0;32m  OK  [0m] Listening on Journal Socket.
[   21.474192] systemd[1]: Listening on udev Control Socket.
[[0;32m  OK  [0m] Listening on udev Control Socket.
[   21.542198] systemd[1]: Listening on Syslog Socket.
[[0;32m  OK  [0m] Listening on Syslog Socket.
[   21.576709] systemd[1]: Set up automount Arbitrary Executable File Formats File System Automount Point.
[[0;32m  OK  [0m] Set up automount Arbitrary Executab...ats File System Automount Point.
[   21.713832] systemd[1]: Reached target Encrypted Volumes.
[[0;32m  OK  [0m] Reached target Encrypted Volumes.
[   21.758486] systemd[1]: Listening on LVM2 poll daemon socket.
[[0;32m  OK  [0m] Listening on LVM2 poll daemon socket.
[   21.831380] systemd[1]: Listening on udev Kernel Socket.
[[0;32m  OK  [0m] Listening on udev Kernel Socket.
[   21.870927] systemd[1]: Listening on Device-mapper event daemon FIFOs.
[[0;32m  OK  [0m] Listening on Device-mapper event daemon FIFOs.
[   21.966117] systemd[1]: Created slice System Slice.
[[0;32m  OK  [0m] Created slice System Slice.
[   22.073973] systemd[1]: Starting Remount Root and Kernel File Systems...
[   22.076749] EXT4-fs (sda1): re-mounted. Opts: (null)
[   22.141764] random: nonblocking pool is initialized
         Starting Remount Root and Kernel File Systems...
[   22.317961] systemd[1]: Mounting Debug File System...
         Mounting Debug File System...
[   22.438201] systemd[1]: Starting Load Kernel Modules...
[   22.448788] Loading iSCSI transport class v2.0-870.
         Starting Load Kernel Mo[   22.498701] iscsi: registered transport (tcp)
dules...
[   22.561788] systemd[1]: Starting Create list of required static device nodes for the current kernel...
         Startin[   22.582521] iscsi: registered transport (iser)
g Create list of required st... nodes for the current kernel...
[   22.689987] systemd[1]: Mounting Huge Pages File System...
         Mounting Huge Pages File System...
[   22.822852] systemd[1]: Starting Set console keymap...
         Starting Set console keymap...
[   22.894078] systemd[1]: Created slice system-serial\x2dgetty.slice.
[[0;32m  OK  [0m] Created slice system-serial\x2dgetty.slice.
[   23.005868] systemd[1]: Starting Nameserver information manager...
         Starting Nameserver information manager...
[   23.150066] systemd[1]: Mounting POSIX Message Queue File System...
         Mounting POSIX Message Queue File System...
[   23.237944] systemd[1]: Reached target Swap.
[[0;32m  OK  [0m] Reached target Swap.
[   23.293076] systemd[1]: Reached target User and Group Name Lookups.
[[0;32m  OK  [0m] Reached target User and Group Name Lookups.
[   23.369513] systemd[1]: Started Forward Password Requests to Wall Directory Watch.
[[0;32m  OK  [0m] Started Forward Password Requests to Wall Directory Watch.
[   23.478938] systemd[1]: Listening on LVM2 metadata daemon socket.
[[0;32m  OK  [0m] Listening on LVM2 metadata daemon socket.
[   23.541916] systemd[1]: Starting Monitoring of LVM2 mirrors, snapshots etc. using dmeventd or progress polling...
         Starting Monitoring of LVM2 mirrors... dmeventd or progress polling...
[   23.608240] systemd[1]: Listening on /dev/initctl Compatibility Named Pipe.
[[0;32m  OK  [0m] Listening on /dev/initctl Compatibility Named Pipe.
[   23.682007] systemd[1]: Listening on Journal Socket (/dev/log).
[[0;32m  OK  [0m] Listening on Journal Socket (/dev/log).
[   23.730378] systemd[1]: Starting Journal Service...
         Starting Journal Service...
[   23.786131] systemd[1]: Created slice User and Session Slice.
[[0;32m  OK  [0m] Created slice User and Session Slice.
[   23.845853] systemd[1]: Reached target Slices.
[[0;32m  OK  [0m] Reached target Slices.
[   23.925820] systemd[1]: Starting Uncomplicated firewall...
         Starting Uncomplicated firewall...
[   23.971082] systemd[1]: Mounted POSIX Message Queue File System.
[[0;32m  OK  [0m] Mounted POSIX Message Queue File System.
[   24.057845] systemd[1]: Mounted Huge Pages File System.
[[0;32m  OK  [0m] Mounted Huge Pages File System.
[   24.141905] systemd[1]: Mounted Debug File System.
[[0;32m  OK  [0m] Mounted Debug File System.
[   24.242468] systemd[1]: Started Journal Service.
[[0;32m  OK  [0m] Started Journal Service.
[[0;32m  OK  [0m] Started Remount Root and Kernel File Systems.
[[0;32m  OK  [0m] Started Load Kernel Modules.
[[0;32m  OK  [0m] Started Create list of required sta...ce nodes for the current kernel.
[[0;32m  OK  [0m] Started Set console keymap.
[[0;32m  OK  [0m] Started Uncomplicated firewall.
[[0;32m  OK  [0m] Started Nameserver information manager.
[[0;32m  OK  [0m] Started LVM2 metadata daemon.
         Starting Create Static Device Nodes in /dev...
         Starting Apply Kernel Variables...
         Mounting FUSE Control File System...
         Starting Load/Save Random Seed...
         Starting Initial cloud-init job (pre-networking)...
         Starting udev Coldplug all Devices...
         Starting Flush Journal to Persistent Storage...
[[0;32m  OK  [0m] Mounted FUSE Control File System.
[[0;32m  OK  [0m] Started Create Static Device Nodes in /dev.
[[0;32m  OK  [0m] Started Monitoring of LVM2 mirrors,...ng dmeventd or progress polling.
[[0;32m  OK  [0m] Started Apply Kernel Variables.
[[0;32m  OK  [0m] Started Load/Save Random Seed.
[[0;32m  OK  [0m] Started Flush Journal to Persistent Storage.
[[0;32m  OK  [0m] Started udev Coldplug all Devices.
         Starting udev Kernel Device Manager...
[[0;32m  OK  [0m] Started udev Kernel Device Manager.
[[0;32m  OK  [0m] Started Dispatch Password Requests to Console Directory Watch.
[[0;32m  OK  [0m] Reached target Local File Systems (Pre).
[[0;32m  OK  [0m] Reached target Local File Systems.
         Starting Set console font and keymap...
         Starting Tell Plymouth To Write Out Runtime Data...
         Starting LSB: AppArmor initialization...
         Starting Commit a transient machine-id on disk...
         Starting Create Volatile Files and Directories...
[[0;32m  OK  [0m] Started Tell Plymouth To Write Out Runtime Data.
[[0;32m  OK  [0m] Started Commit a transient machine-id on disk.
[[0;32m  OK  [0m] Started Create Volatile Files and Directories.
[[0;32m  OK  [0m] Found device /dev/ttyS0.
         Starting Update UTMP about System Boot/Shutdown...
[[0;32m  OK  [0m] Reached target System Time Synchronized.
[[0;32m  OK  [0m] Started Update UTMP about System Boot/Shutdown.
[[0;32m  OK  [0m] Listening on Load/Save RF Kill Switch Status /dev/rfkill Watch.
[[0;1;31mFAILED[0m] Failed to start Set console font and keymap.
[   18.278654] See 'systemctl status console-setup.service' for details.cloud-init
[484]: Cloud-init v. 0.7.8 running 'init-local' at Tue, 24 Jan 2017 05:27:21 +0000. Up 17.70 seconds.
[[0;32m  OK  [0m] Started LSB: AppArmor initialization.
[[0;32m  OK  [0m] Started Initial cloud-init job (pre-networking).
[[0;32m  OK  [0m] Reached target Network (Pre).
         Starting Raise network interfaces...
[[0;32m  OK  [0m] Created slice system-getty.slice.
[[0;32m  OK  [0m] Started Raise network interfaces.
         Starting Initial cloud-init job (metadata service crawler)...
[[0;32m  OK  [0m] Reached target Network.
[   21.246064] cloud-init[1028]: Cloud-init v. 0.7.8 running 'init' at Tue, 24 Jan 2017 05:27:24 +0000. Up 20.68 seconds.
[   21.281032] cloud-init[1028]: ci-info: ++++++++++++++++++++++++++++++++++++++Net device info++++++++++++++++++++++++++++++++++++++
[[0;32m  OK  [0m] Started Initial cloud-init job (metadata service crawler).
[   21.346442] [cloud-init[0;32m  OK  [0m[1028]: ] ci-info: +--------+-------+----------------------------+---------------+-------+-------------------+Reached target Cloud-config availability.

[[0;32m  OK  [0m] Reached target Network is Online.
[   21.406843] cloud-init[1028]: ci-info: | Device |   Up  |          Address           |      Mask     | Scope |     Hw-Address    |
[   21.592866]          cloud-initStarting iSCSI initiator daemon (iscsid)...[1028]: 
ci-info: +--------+-------+----------------------------+---------------+-------+-------------------+
[   21.700358] [cloud-init[0;32m  OK  [0m[1028]: ] ci-info: | enp0s8 | False |             .              |       .       |   .   | 08:00:27:27:84:3f |Reached target System Initialization.

[[0;32m  OK  [0m] Started Daily Cleanup of Temporary Directories.
[   21.700853] cloud-init[1028]: ci-info: |   lo   |  True |         127.0.0.1          |   255.0.0.0   |   .   |         .         |
[   21.893022] [cloud-init[0;32m  OK  [0m[1028]: ] ci-info: |   lo   |  True |          ::1/128           |       .       |  host |         .         |Started Daily apt activities.

[   21.996701] [cloud-init[0;32m  OK  [0m[1028]: ] ci-info: | enp0s3 |  True |         10.0.2.15          | 255.255.255.0 |   .   | 02:29:99:d5:6c:03 |Started Trigger resolvconf update for networkd DNS.

[   21.997357] cloud-init[1028]: ci-info: | enp0s3 |  True | fe80::29:99ff:fed5:6c03/64 |       .       |  link | 02:29:99:d5:6c:03 |
[   22.097456]          cloud-initStarting LXD - unix socket.[1028]: 
ci-info: +--------+-------+----------------------------+---------------+-------+-------------------+
[   22.115359] [[0;32m  OK  [0m] Listening on ACPID Listen Socket.
cloud-init[1028]: ci-info: +++++++++++++++++++++++++++Route IPv4 info++++++++++++++++++++++++++++
[   22.200619] [cloud-init[0;32m  OK  [0m[1028]: ] ci-info: +-------+-------------+----------+---------------+-----------+-------+Started ACPI Events Check.

[[0;32m  OK  [0m] Reached target Paths.
[   22.201211] cloud-init[1028]: ci-info: | Route | Destination | Gateway  |    Genmask    | Interface | Flags |
[   22.352426]          cloud-initStarting Socket activation for snappy daemon.[1028]: 
ci-info: +-------+-------------+----------+---------------+-----------+-------+
[   22.456376] [cloud-init[0;32m  OK  [0m[1028]: ] ci-info: |   0   |   0.0.0.0   | 10.0.2.2 |    0.0.0.0    |   enp0s3  |   UG  |Started Timer to automatically refresh installed snaps.

[   22.456870] [cloud-init[0;32m  OK  [0m[1028]: ] ci-info: |   1   |   10.0.2.0  | 0.0.0.0  | 255.255.255.0 |   enp0s3  |   U   |Reached target Timers.

[   22.580413] [cloud-init[0;32m  OK  [0m[1028]: ] ci-info: +-------+-------------+----------+---------------+-----------+-------+Listening on UUID daemon activation socket.

[   22.640717] [cloud-init[0;32m  OK  [0m[1028]: ] Generating public/private rsa key pair.Listening on D-Bus System Message Bus Socket.

[   22.641076] cloud-init[1028]: Your identification has been saved in /etc/ssh/ssh_host_rsa_key.
[   22.776584] [cloud-init[0;32m  OK  [0m[1028]: ] Your public key has been saved in /etc/ssh/ssh_host_rsa_key.pub.Listening on LXD - unix socket.

[[0;32m  OK  [0m] Listening on Socket activation for snappy daemon.
[[0;32m  OK  [0m] Started iSCSI initiator daemon (iscsid).
[   22.777147] cloud-init[1028]: The key fingerprint is:
[   22.872474] cloud-init[1028]: SHA256:102gZvMWuKQCDbkyx3L7LOvWR6NFbMtldH5AAD7kGDE root@ubuntu-xenial
[   22.940629] cloud-init[1028]: The key's randomart image is:
[   22.956443] cloud-init[1028]: +---[RSA 2048]----+
[   22.976474] cloud-init[1028]: |    ..E.o..oo    |
[   23.008253] cloud-init[1028]: |    .o B  .oo.   |
[   23.048759] cloud-init[1028]: |   ...o.+.Bo...  |
[   23.076376] cloud-init[1028]: |  + =.  +*o=.+.  |
[   23.104416] cloud-init[1028]: |   * ..+S+o +..  |
[   23.140912] cloud-init[1028]: |    .  .*. .     |
         Starting Login to default iSCSI targets...
[[0;32m  OK  [0m] Reached target Sockets.
[[0;32m  OK  [0m] Reached target Basic System.
[   23.179049] cloud-init[1028]: |     + + .       |
[   23.292791]          cloud-initStarting Pollinate to seed the pseudo random number generator...[1028]: 
|    o = .        |
[   23.361492]          cloud-initStarting Apply the settings specified in cloud-config...[1028]: 
|   ooo .         |
[   23.384584]          cloud-initStarting LSB: MD monitoring daemon...[1028]: 
+----[SHA256]-----+
[   23.390246]          cloud-initStarting System Logging Service...[1028]: 
Generating public/private dsa key pair.
[   23.428449]          cloud-initStarting LSB: Record successful boot for GRUB...[1028]: 
Your identification has been saved in /etc/ssh/ssh_host_dsa_key.
[[   23.484162] cloud-init[1028]: Your public key has been saved in /etc/ssh/ssh_host_dsa_key.pub.
[   23.484448] cloud-init[1028]: The key fingerprint is:
[   23.484486] cloud-init[1028]: SHA256:DGDgKmW/EshRFeoyWVopnpmG5Ra9ge05T45qx/G7n4o root@ubuntu-xenial
[   23.484518] cloud-init[1028]: The key's randomart image is:
[   23.484545] cloud-init[1028]: +---[DSA 1024]----+
[   23.484571] cloud-init[1028]: |  .o+o.          |
[   23.484597] cloud-init[1028]: | ..=o.           |
[   23.484623] cloud-init[1028]: | oB=+ .          |
[   23.484652] cloud-init[1028]: |+B%+ + o         |
[   23.484679] cloud-init[1028]: |=%+.* . S        |
[   23.484705] cloud-init[1028]: |o.o..B           |
[   23.484731] cloud-init[1028]: |  ..ooo          |
[   23.484756] cloud-init[1028]: |  .oo..  .       |
[   23.484784] cloud-init[1028]: | ...E +=o        |
[   23.484809] cloud-init[1028]: +----[SHA256]-----+
[   23.484834] cloud-init[1028]: Generating public/private ecdsa key pair.
[   23.484860] cloud-init[1028]: Your identification has been saved in /etc/ssh/ssh_host_ecdsa_key.
[   23.484886] cloud-init[1028]: Your public key has been saved in /etc/ssh/ssh_host_ecdsa_key.pub.
[   23.484912] cloud-init[1028]: The key fingerprint is:
[   23.484938] cloud-init[1028]: SHA256:aJ6egodAWZwr6U78sEnDuob/s1bF1ZbM8RvAvEtpjmY root@ubuntu-xenial
[   23.485019] cloud-init[1028]: The key's randomart image is:
[   23.485072] cloud-init[1028]: +---[ECDSA 256]---+
[   23.485101] cloud-init[1028]: |  . .      *oo   |
[   23.485128] cloud-init[1028]: |   +      . Oo   |
[   23.485154] cloud-init[1028]: |  + .  . . . oo  |
[   23.485180] cloud-init[1028]: | = .   .o   =  o |
[   23.485207] cloud-init[1028]: |= .   o.S  = ..  |
[   23.485233] cloud-init[1028]: |.O   o..  E o    |
[   23.485259] cloud-init[1028]: |*.*o .o  o       |
[   23.485299] cloud-init[1028]: |o=o.=. .         |
[   23.485328] cloud-init[1028]: |oo.+o+o          |
[   23.485355] cloud-init[1028]: +----[SHA256]-----+
[   23.485385] cloud-init[1028]: Generating public/private ed25519 key pair.
[   23.485412] cloud-init[1028]: Your identification has been saved in /etc/ssh/ssh_host_ed25519_key.
[   23.485439] cloud-init[1028]: Your public key has been saved in /etc/ssh/ssh_host_ed25519_key.pub.
[   23.485465] cloud-init[1028]: The key fingerprint is:
[   23.485489] cloud-init[1028]: SHA256:x/YFXHuoCgaO6BcO6L9UcolAZzvgVMXWmFtbjjSK+KI root@ubuntu-xenial
[   23.485516] cloud-init[1028]: The key's randomart image is:
[   23.485541] cloud-init[1028]: +--[ED25519 256]--+
[   23.485567] cloud-init[1028]: | +.+o.+       .  |
[   23.485594] cloud-init[1028]: |+ + .= = . . . o |
[   23.485619] cloud-init[1028]: | o.oo * *   o o .|
[   23.485646] cloud-init[1028]: | o.oo=.+ o   o . |
[   23.485671] cloud-init[1028]: |. +oo+. S + . .  |
[   23.485699] cloud-init[1028]: |.o ++. . + o .   |
[   23.485725] cloud-init[1028]: |..o.o     . .    |
[   23.485751] cloud-init[1028]: |E o.             |
[   23.485959] cloud-init[1028]: |   o.            |
[   23.485991] cloud-init[1028]: +----[SHA256]-----+
[0;32m  OK  [0m] Started Deferred execution scheduler.
[   23.741549] cloud-init[1133]: Generating locales (this might take a while)...
[[0;32m  OK  [0m[   24.584696] cloud-init[1133]:   en_US.UTF-8... done
[   24.584853] cloud-init[1133]: Generation complete.
] Started ACPI event daemon.
         Starting Accounts Service...
         Starting /etc/rc.local Compatibility...
         Starting Login Service...
[[0;32m  OK  [0m] Started FUSE filesystem for LXC.
[[0;32m  OK  [0m] Started D-Bus System Message Bus.
[[0;32m  OK  [0m] Started Regular background program processing daemon.
[[0;32m  OK  [0m] Started Snappy daemon.
         Starting Auto import assertions from block devices...
         Starting LXD - container startup/shutdown...
[[0;32m  OK  [0m] Started System Logging Service.
[[0;32m  OK  [0m] Started Pollinate to seed the pseudo random number generator.
[[0;32m  OK  [0m] Started /etc/rc.local Compatibility.
[[0;32m  OK  [0m] Started Auto import assertions from block devices.
[[0;32m  OK  [0m] Started LXD - container startup/shutdown.
[[0;32m  OK  [0m] Started Login to default iSCSI targets.
[[0;32m  OK  [0m] Started LSB: MD monitoring daemon.
[[0;32m  OK  [0m] Started LSB: Record successful boot for GRUB.
[[0;32m  OK  [0m] Started Login Service.
         Starting Authenticate and Authorize Users to Run Privileged Tasks...
[[0;32m  OK  [0m] Reached target Remote File Systems (Pre).
[[0;32m  OK  [0m] Reached target Remote File Systems.
         Starting Permit User Sessions...
         Starting LSB: daemon to balance interrupts for SMP systems...
         Starting LSB: automatic crash report generation...
         Starting LSB: VirtualBox Linux Additions...
         Starting LSB: Set the CPU Frequency Scaling governor to "ondemand"...
[[0;32m  OK  [0m] Stopped OpenBSD Secure Shell server.
         Starting OpenBSD Secure Shell server...
[[0;32m  OK  [0m] Started OpenBSD Secure Shell server.
[[0;32m  OK  [0m] Started Permit User Sessions.
[[0;32m  OK  [0m] Started Authenticate and Authorize Users to Run Privileged Tasks.
[[0;32m  OK  [0m] Started Accounts Service.
         Starting Hold until boot process finishes up...
         Starting Terminate Plymouth Boot Screen...
[[0;32m  OK  [0m] Started LSB: daemon to balance interrupts for SMP systems.
[[0;32m  OK  [0m] Started LSB: automatic crash report generation.
[[0;32m  OK  [0m] Started LSB: VirtualBox Linux Additions.
[[0;32m  OK  [0m] Started LSB: Set the CPU Frequency Scaling governor to "ondemand".
[[0;32m  OK  [0m] Started Hold until boot process finishes up.
[[0;32m  OK  [0m] Started Terminate Plymouth Boot Screen.
[   26.039918] [cloud-init[0;32m  OK  [0m[1133]: ] Cloud-init v. 0.7.8 running 'modules:config' at Tue, 24 Jan 2017 05:27:27 +0000. Up 23.61 seconds.Started Apply the settings specified in cloud-config.

[[0;32m  OK  [0m] Started Getty on tty1.
         Starting Set console scheme...
[[0;32m  OK  [0m] Started Serial Getty on ttyS0.
[[0;32m  OK  [0m] Reached target Login Prompts.
[[0;32m  OK  [0m] Reached target Multi-User System.
         Starting Execute cloud user/final scripts...
[[0;32m  OK  [0m] Reached target Graphical Interface.
         Starting Update UTMP about System Runlevel Changes...
[[0;32m  OK  [0m] Started Set console scheme.
[[0;32m  OK  [0m] Started Update UTMP about System Runlevel Changes.
[[0;32m  OK  [0m] Created slice User Slice of ubuntu.
         Starting User Manager for UID 1000...
[[0;32m  OK  [0m] Started User Manager for UID 1000.
[[0;32m  OK  [0m] Started Session 1 of user ubuntu.
ci-info: no authorized ssh keys fingerprints found for user ubuntu.
<14>Jan 24 05:27:30 ec2: 
<14>Jan 24 05:27:30 ec2: #############################################################
<14>Jan 24 05:27:30 ec2: -----BEGIN SSH HOST KEY FINGERPRINTS-----
<14>Jan 24 05:27:30 ec2: 1024 SHA256:DGDgKmW/EshRFeoyWVopnpmG5Ra9ge05T45qx/G7n4o root@ubuntu-xenial (DSA)
<14>Jan 24 05:27:30 ec2: 256 SHA256:aJ6egodAWZwr6U78sEnDuob/s1bF1ZbM8RvAvEtpjmY root@ubuntu-xenial (ECDSA)
<14>Jan 24 05:27:30 ec2: 256 SHA256:x/YFXHuoCgaO6BcO6L9UcolAZzvgVMXWmFtbjjSK+KI root@ubuntu-xenial (ED25519)
<14>Jan 24 05:27:30 ec2: 2048 SHA256:102gZvMWuKQCDbkyx3L7LOvWR6NFbMtldH5AAD7kGDE root@ubuntu-xenial (RSA)
<14>Jan 24 05:27:30 ec2: -----END SSH HOST KEY FINGERPRINTS-----
<14>Jan 24 05:27:30 ec2: #############################################################
-----BEGIN SSH HOST KEY KEYS-----
ecdsa-sha2-nistp256 AAAAE2VjZHNhLXNoYTItbmlzdHAyNTYAAAAIbmlzdHAyNTYAAABBBDh9pSLdzyfExhZ9nxAAnUp1SrbcClf/PSit+ua4Sip0tOztyPe89cujnRFcj0v6GvGUD/fE/AZfXurAoNFXIJI= root@ubuntu-xenial
ssh-ed25519 AAAAC3NzaC1lZDI1NTE5AAAAIKs2ZoSwYZv4b3ELBJF9ClqhSh6QYNtIP/UhLtnhb7tC root@ubuntu-xenial
ssh-rsa AAAAB3NzaC1yc2EAAAADAQABAAABAQDPa6u3b7fOjmqpD8tj0SQB8RsxSlEtz6U6c/17xNd8IJVIt1pyxYScPfbMh/UI3pFmaZ1tScf2Ysjwsvli1r3gpaCJ/wIZ0IiAsiPP70f8SkBQ2W7JFHryptNHjuLxGVD49CkHTEHo8Exnr4QbgGgsNRiwWunwE4PT95nwt4HHtQJIFqsaitYXXwz/+koVt+t07AhS3YxXwM4lNfsed9pKVGGMHewnTT02g/KYVLK/SUL4o1UTs/+CZb0KKg+vboJpToLBXiv2fDdd3+TqR5EXbp2nnlFSWeYXdn+d//kQzK88h/mz/welslF4HmtQBouY71sNqaWhD97TCQmiP8KZ root@ubuntu-xenial
-----END SSH HOST KEY KEYS-----
[   27.567266] cloud-init[1380]: Cloud-init v. 0.7.8 running 'modules:final' at Tue, 24 Jan 2017 05:27:30 +0000. Up 26.58 seconds.
[   27.664555] cloud-init[1380]: ci-info: no authorized ssh keys fingerprints found for user ubuntu.
[   27.724407] cloud-init[1380]: Cloud-init v. 0.7.8 finished at Tue, 24 Jan 2017 05:27:31 +0000. Datasource DataSourceNoCloud [seed=/dev/sdb][dsmode=net].  Up 27.55 seconds
[[0;32m  OK  [0m] Started Execute cloud user/final scripts.
[[0;32m  OK  [0m] Reached target Cloud-init target.

Ubuntu 16.04.1 LTS ubuntu-xenial ttyS0

ubuntu-xenial login: 